Resolved 1 suite(s):
  - /home/jakedern/repos/otel-arrow-otap-opt/tools/comparison_dashboard/suites/dfe/dfe-metrics-otap-none-lowbatch.yaml
Publishing to: /home/jakedern/repos/otel-arrow-otap-opt/tools/comparison_dashboard/.site/data


############################################################
# [1/1] dfe-metrics-otap-none-lowbatch
############################################################

Suite:    DFE OTAP Metrics (low batch)
Slug:     dfe_metrics_otap_none_lowbatch
Binary:   dfe
File:     /home/jakedern/repos/otel-arrow-otap-opt/tools/comparison_dashboard/suites/dfe/dfe-metrics-otap-none-lowbatch.yaml
Template: ../pipeline_perf_test/test_suites/comparison_dashboard/templates/orchestrator/dfe-single-core-multi-rate.yaml
Staging:  .data/dfe_metrics_otap_none_lowbatch/20260522_164110

Rendering orchestrator config...
  Generated .data/dfe_metrics_otap_none_lowbatch/20260522_164110/orchestrator.yaml

============================================================
Running: /home/jakedern/repos/otel-arrow/.venv/bin/python ../pipeline_perf_test/orchestrator/run_orchestrator.py --config .data/dfe_metrics_otap_none_lowbatch/20260522_164110/orchestrator.yaml --tests 400k
Log:     .data/dfe_metrics_otap_none_lowbatch/20260522_164110/orchestrator.log
============================================================

[2026-05-22 16:41:10] INFO | ctx.type=- ctx.name=- | Starting Test: 400k
[2026-05-22 16:41:10] INFO | ctx.type=ScenarioContext ctx.name=400k | Running 14 test steps...
[2026-05-22 16:41:10] INFO | ctx.type=FrameworkElementHookContext ctx.name=RenderTemplateHook (pre_run) | Rendered template saved to .data/dfe_metrics_otap_none_lowbatch/20260522_164110/tests/400k/backend-config.rendered.yaml
[2026-05-22 16:41:10] INFO | ctx.type=StepContext ctx.name=Deploy Backend Engine | Executing main step action...
[2026-05-22 16:41:12] INFO | ctx.type=FrameworkElementHookContext ctx.name=ReadyCheckHttpHook (post_run) | Ready check passed on attempt 2
[2026-05-22 16:41:12] INFO | ctx.type=FrameworkElementHookContext ctx.name=RenderTemplateHook (pre_run) | Rendered template saved to .data/dfe_metrics_otap_none_lowbatch/20260522_164110/tests/400k/engine-config.rendered.yaml
[2026-05-22 16:41:12] INFO | ctx.type=StepContext ctx.name=Deploy Dataflow Engine | Executing main step action...
[2026-05-22 16:41:13] INFO | ctx.type=FrameworkElementHookContext ctx.name=ReadyCheckHttpHook (post_run) | Ready check passed on attempt 2
[2026-05-22 16:41:13] INFO | ctx.type=FrameworkElementHookContext ctx.name=RenderTemplateHook (pre_run) | Rendered template saved to .data/dfe_metrics_otap_none_lowbatch/20260522_164110/tests/400k/loadgen-config.rendered.yaml
[2026-05-22 16:41:13] INFO | ctx.type=StepContext ctx.name=Deploy Load Generator | Executing main step action...
[2026-05-22 16:41:15] INFO | ctx.type=FrameworkElementHookContext ctx.name=ReadyCheckHttpHook (post_run) | Ready check passed on attempt 2
[2026-05-22 16:41:15] INFO | ctx.type=StepContext ctx.name=Monitor All | Executing main step action...
[2026-05-22 16:41:15] INFO | ctx.type=StepContext ctx.name=Wait for data | Executing main step action...
[2026-05-22 16:41:25] INFO | ctx.type=StepContext ctx.name=Observe Load | Executing main step action...
[2026-05-22 16:42:25] INFO | ctx.type=StepContext ctx.name=Wait Before Drain | Executing main step action...
[2026-05-22 16:42:35] INFO | ctx.type=StepContext ctx.name=Stop Load Generator | Executing main step action...
[2026-05-22 16:42:35] INFO | ctx.type=StepContext ctx.name=Stop Engine | Executing main step action...
[2026-05-22 16:42:35] INFO | ctx.type=StepContext ctx.name=Stop Backend | Executing main step action...
[2026-05-22 16:42:35] INFO | ctx.type=StepContext ctx.name=Wait For Metrics Update | Executing main step action...
[2026-05-22 16:42:36] INFO | ctx.type=StepContext ctx.name=Stop Monitoring All | Executing main step action...
[2026-05-22 16:42:40] INFO | ctx.type=StepContext ctx.name=Destroy All | Executing main step action...
[2026-05-22 16:43:11] INFO | ctx.type=StepContext ctx.name=Run Report | Executing main step action...

================================================================================
DOCKER CONTAINER LOGS
================================================================================

================================================================================
Component: load-generator
Container ID: bbb89a4a0af6f9afb0aec06ea002928df0c091f2e3b6c073e4caf99a517aeea5
================================================================================
System Information:
  Available CPU cores: 32
  Available memory: 112.81 GB / 117.92 GB
  Build mode: release
  Memory allocator: jemalloc

Available Component URNs:
  Receivers: urn:otel:receiver:host_metrics, urn:otel:receiver:internal_telemetry, urn:otel:receiver:otap, urn:otel:receiver:otlp, urn:otel:receiver:syslog_cef, urn:otel:receiver:topic, urn:otel:receiver:traffic_generator
  Processors: urn:otel:processor:attribute, urn:otel:processor:batch, urn:otel:processor:content_router, urn:otel:processor:debug, urn:otel:processor:delay, urn:otel:processor:durable_buffer, urn:otel:processor:fanout, urn:otel:processor:filter, urn:otel:processor:log_sampling, urn:otel:processor:retry, urn:otel:processor:temporal_reaggregation, urn:otel:processor:transform, urn:otel:processor:type_router
  Exporters: urn:otel:exporter:console, urn:otel:exporter:error, urn:otel:exporter:noop, urn:otel:exporter:otap, urn:otel:exporter:otlp_grpc, urn:otel:exporter:otlp_http, urn:otel:exporter:parquet, urn:otel:exporter:perf, urn:otel:exporter:topic

Example configuration files can be found in the configs/ directory.
[2m2026-05-22T16:41:14.096Z[0m  [32mINFO [0m [1motap-df-controller::pipeline.core_allocation[0m: [pipeline_group_id=default, pipeline_id=main, num_cores=4, core_allocation=2-5]
[2m2026-05-22T16:41:14.099Z[0m  [32mINFO [0m [1motap-df-core-nodes::otap_exporter.start[0m: Starting OTAP Exporter [grpc_endpoint=http://df-engine:4317][35m entity/node.attrs: node.id=exporter node.urn=urn:otel:exporter:otap node.type=exporter pipeline.id=main pipeline.group.id=default deployment.generation=0 core.id=2 numa.node.id=0 process.instance.id=AGPFBD74N55HHOBB35UPCOBKRY host.id=bbb89a4a0af6 container.id=[0m
[2m2026-05-22T16:41:14.100Z[0m  [32mINFO [0m [1motap-df-core-nodes::otap_exporter.start[0m: Starting OTAP Exporter [grpc_endpoint=http://df-engine:4317][35m entity/node.attrs: node.id=exporter node.urn=urn:otel:exporter:otap node.type=exporter pipeline.id=main pipeline.group.id=default deployment.generation=0 core.id=3 numa.node.id=0 process.instance.id=AGPFBD74N55HHOBB35UPCOBKRY host.id=bbb89a4a0af6 container.id=[0m
[2m2026-05-22T16:41:14.100Z[0m  [32mINFO [0m [1motap-df-core-nodes::otap_exporter.start[0m: Starting OTAP Exporter [grpc_endpoint=http://df-engine:4317][35m entity/node.attrs: node.id=exporter node.urn=urn:otel:exporter:otap node.type=exporter pipeline.id=main pipeline.group.id=default deployment.generation=0 core.id=4 numa.node.id=0 process.instance.id=AGPFBD74N55HHOBB35UPCOBKRY host.id=bbb89a4a0af6 container.id=[0m
[2m2026-05-22T16:41:14.100Z[0m  [32mINFO [0m [1motap-df-core-nodes::otap_exporter.start[0m: Starting OTAP Exporter [grpc_endpoint=http://df-engine:4317][35m entity/node.attrs: node.id=exporter node.urn=urn:otel:exporter:otap node.type=exporter pipeline.id=main pipeline.group.id=default deployment.generation=0 core.id=5 numa.node.id=0 process.instance.id=AGPFBD74N55HHOBB35UPCOBKRY host.id=bbb89a4a0af6 container.id=[0m
[2m2026-05-22T16:41:14.101Z[0m  [32mINFO [0m [1motap-df-admin::endpoint.start[0m: Admin HTTP server listening [bind_address=0.0.0.0:8080][35m[0m
[2m2026-05-22T16:42:35.086Z[0m  [32mINFO [0m [1motap-df-admin::shutdown.requested[0m: [wait=true, timeout_secs=5][35m[0m
[2m2026-05-22T16:42:35.086Z[0m  [32mINFO [0m [1motap-df-admin::shutdown.blocking_wait[0m: [timeout_secs=5][35m[0m
[2m2026-05-22T16:42:35.086Z[0m  [32mINFO [0m [1motap-df-state::state.observed_event[0m: global shutdown [pipeline_group_id=default, pipeline_id=main, core_id=3, event_type=ShutdownRequested][35m[0m
[2m2026-05-22T16:42:35.086Z[0m  [32mINFO [0m [1motap-df-state::state.observed_event[0m: global shutdown [pipeline_group_id=default, pipeline_id=main, core_id=4, event_type=ShutdownRequested][35m[0m
[2m2026-05-22T16:42:35.086Z[0m  [32mINFO [0m [1motap-df-state::state.observed_event[0m: global shutdown [pipeline_group_id=default, pipeline_id=main, core_id=2, event_type=ShutdownRequested][35m[0m
[2m2026-05-22T16:42:35.086Z[0m  [32mINFO [0m [1motap-df-core-nodes::traffic_generator.drain_ingress[0m[35m entity/node.attrs: node.id=receiver node.urn=urn:otel:receiver:traffic_generator node.type=receiver pipeline.id=main pipeline.group.id=default deployment.generation=0 core.id=3 numa.node.id=0 process.instance.id=AGPFBD74N55HHOBB35UPCOBKRY host.id=bbb89a4a0af6 container.id=[0m
[2m2026-05-22T16:42:35.086Z[0m  [32mINFO [0m [1motap-df-core-nodes::traffic_generator.drain_ingress[0m[35m entity/node.attrs: node.id=receiver node.urn=urn:otel:receiver:traffic_generator node.type=receiver pipeline.id=main pipeline.group.id=default deployment.generation=0 core.id=4 numa.node.id=0 process.instance.id=AGPFBD74N55HHOBB35UPCOBKRY host.id=bbb89a4a0af6 container.id=[0m
[2m2026-05-22T16:42:35.086Z[0m  [32mINFO [0m [1motap-df-core-nodes::traffic_generator.drain_ingress[0m[35m entity/node.attrs: node.id=receiver node.urn=urn:otel:receiver:traffic_generator node.type=receiver pipeline.id=main pipeline.group.id=default deployment.generation=0 core.id=2 numa.node.id=0 process.instance.id=AGPFBD74N55HHOBB35UPCOBKRY host.id=bbb89a4a0af6 container.id=[0m
[2m2026-05-22T16:42:35.086Z[0m  [32mINFO [0m [1motap-df-state::state.observed_event[0m: global shutdown [pipeline_group_id=default, pipeline_id=main, core_id=5, event_type=ShutdownRequested][35m[0m
[2m2026-05-22T16:42:35.086Z[0m  [32mINFO [0m [1motap-df-core-nodes::traffic_generator.drain_ingress[0m[35m entity/node.attrs: node.id=receiver node.urn=urn:otel:receiver:traffic_generator node.type=receiver pipeline.id=main pipeline.group.id=default deployment.generation=0 core.id=5 numa.node.id=0 process.instance.id=AGPFBD74N55HHOBB35UPCOBKRY host.id=bbb89a4a0af6 container.id=[0m
[2m2026-05-22T16:42:35.088Z[0m  [32mINFO [0m [1motap-df-core-nodes::otap_exporter.shutdown[0m: OTAP Exporter shutting down[35m entity/node.attrs: node.id=exporter node.urn=urn:otel:exporter:otap node.type=exporter pipeline.id=main pipeline.group.id=default deployment.generation=0 core.id=3 numa.node.id=0 process.instance.id=AGPFBD74N55HHOBB35UPCOBKRY host.id=bbb89a4a0af6 container.id=[0m
[2m2026-05-22T16:42:35.088Z[0m  [32mINFO [0m [1motap-df-core-nodes::otap_exporter.shutdown[0m: OTAP Exporter shutting down[35m entity/node.attrs: node.id=exporter node.urn=urn:otel:exporter:otap node.type=exporter pipeline.id=main pipeline.group.id=default deployment.generation=0 core.id=4 numa.node.id=0 process.instance.id=AGPFBD74N55HHOBB35UPCOBKRY host.id=bbb89a4a0af6 container.id=[0m
[2m2026-05-22T16:42:35.088Z[0m  [32mINFO [0m [1motap-df-core-nodes::otap_exporter.shutdown[0m: OTAP Exporter shutting down[35m entity/node.attrs: node.id=exporter node.urn=urn:otel:exporter:otap node.type=exporter pipeline.id=main pipeline.group.id=default deployment.generation=0 core.id=2 numa.node.id=0 process.instance.id=AGPFBD74N55HHOBB35UPCOBKRY host.id=bbb89a4a0af6 container.id=[0m
[2m2026-05-22T16:42:35.088Z[0m  [32mINFO [0m [1motap-df-core-nodes::otap_exporter.shutdown[0m: OTAP Exporter shutting down[35m entity/node.attrs: node.id=exporter node.urn=urn:otel:exporter:otap node.type=exporter pipeline.id=main pipeline.group.id=default deployment.generation=0 core.id=5 numa.node.id=0 process.instance.id=AGPFBD74N55HHOBB35UPCOBKRY host.id=bbb89a4a0af6 container.id=[0m
[2m2026-05-22T16:42:35.187Z[0m  [32mINFO [0m [1motap-df-admin::shutdown.completed[0m: [elapsed_ms=101][35m[0m
[2m2026-05-22T16:42:35.189Z[0m  [32mINFO [0m [1motap-df-admin::shutdown.requested[0m: [wait=true, timeout_secs=5][35m[0m
[2m2026-05-22T16:42:35.189Z[0m  [32mINFO [0m [1motap-df-admin::shutdown.blocking_wait[0m: [timeout_secs=5][35m[0m
[2m2026-05-22T16:42:35.189Z[0m  [32mINFO [0m [1motap-df-admin::shutdown.completed[0m: [elapsed_ms=0][35m[0m

================================================================================
Component: df-engine
Container ID: 3ca549def26a5ac02e42622784ac16be6fe405eec098961f90c9b2f68361b095
================================================================================
System Information:
  Available CPU cores: 32
  Available memory: 112.86 GB / 117.92 GB
  Build mode: release
  Memory allocator: jemalloc

Available Component URNs:
  Receivers: urn:otel:receiver:host_metrics, urn:otel:receiver:internal_telemetry, urn:otel:receiver:otap, urn:otel:receiver:otlp, urn:otel:receiver:syslog_cef, urn:otel:receiver:topic, urn:otel:receiver:traffic_generator
  Processors: urn:otel:processor:attribute, urn:otel:processor:batch, urn:otel:processor:content_router, urn:otel:processor:debug, urn:otel:processor:delay, urn:otel:processor:durable_buffer, urn:otel:processor:fanout, urn:otel:processor:filter, urn:otel:processor:log_sampling, urn:otel:processor:retry, urn:otel:processor:temporal_reaggregation, urn:otel:processor:transform, urn:otel:processor:type_router
  Exporters: urn:otel:exporter:console, urn:otel:exporter:error, urn:otel:exporter:noop, urn:otel:exporter:otap, urn:otel:exporter:otlp_grpc, urn:otel:exporter:otlp_http, urn:otel:exporter:parquet, urn:otel:exporter:perf, urn:otel:exporter:topic

Example configuration files can be found in the configs/ directory.
[2m2026-05-22T16:41:12.761Z[0m  [32mINFO [0m [1motap-df-controller::pipeline.core_allocation[0m: [pipeline_group_id=default, pipeline_id=main, num_cores=1, core_allocation=0]
[2m2026-05-22T16:41:12.764Z[0m  [32mINFO [0m [1motap-df-core-nodes::otap_exporter.start[0m: Starting OTAP Exporter [grpc_endpoint=http://backend-service:1235][35m entity/node.attrs: node.id=exporter node.urn=urn:otel:exporter:otap node.type=exporter pipeline.id=main pipeline.group.id=default deployment.generation=0 core.id=0 numa.node.id=0 process.instance.id=AGPFBD7XHF23HBVFCFXBBGMEGY host.id=3ca549def26a container.id=[0m
[2m2026-05-22T16:41:12.764Z[0m  [32mINFO [0m [1motap-df-core-nodes::otap_receiver.start[0m: [listening_addr=0.0.0.0:4317][35m entity/node.attrs: node.id=receiver node.urn=urn:otel:receiver:otap node.type=receiver pipeline.id=main pipeline.group.id=default deployment.generation=0 core.id=0 numa.node.id=0 process.instance.id=AGPFBD7XHF23HBVFCFXBBGMEGY host.id=3ca549def26a container.id=[0m
[2m2026-05-22T16:41:12.764Z[0m  [32mINFO [0m [1motap-df-admin::endpoint.start[0m: Admin HTTP server listening [bind_address=0.0.0.0:8080][35m[0m
[2m2026-05-22T16:42:35.133Z[0m  [31mERROR[0m [1motap-df-otap::otap.response.send_failed[0m: Error sending BatchStatus response [error=SendError { .. }][35m entity/pipeline.attrs: pipeline.id=main pipeline.group.id=default deployment.generation=0 core.id=0 numa.node.id=0 process.instance.id=AGPFBD7XHF23HBVFCFXBBGMEGY host.id=3ca549def26a container.id=[0m
[2m2026-05-22T16:42:35.191Z[0m  [32mINFO [0m [1motap-df-admin::shutdown.requested[0m: [wait=true, timeout_secs=5][35m[0m
[2m2026-05-22T16:42:35.191Z[0m  [32mINFO [0m [1motap-df-admin::shutdown.blocking_wait[0m: [timeout_secs=5][35m[0m
[2m2026-05-22T16:42:35.191Z[0m  [32mINFO [0m [1motap-df-state::state.observed_event[0m: global shutdown [pipeline_group_id=default, pipeline_id=main, core_id=0, event_type=ShutdownRequested][35m[0m
[2m2026-05-22T16:42:35.191Z[0m  [32mINFO [0m [1motap-df-core-nodes::otap_receiver.drain_ingress[0m[35m entity/node.attrs: node.id=receiver node.urn=urn:otel:receiver:otap node.type=receiver pipeline.id=main pipeline.group.id=default deployment.generation=0 core.id=0 numa.node.id=0 process.instance.id=AGPFBD7XHF23HBVFCFXBBGMEGY host.id=3ca549def26a container.id=[0m
[2m2026-05-22T16:42:35.191Z[0m  [32mINFO [0m [1motap-df-core-nodes::otap_exporter.shutdown[0m: OTAP Exporter shutting down[35m entity/node.attrs: node.id=exporter node.urn=urn:otel:exporter:otap node.type=exporter pipeline.id=main pipeline.group.id=default deployment.generation=0 core.id=0 numa.node.id=0 process.instance.id=AGPFBD7XHF23HBVFCFXBBGMEGY host.id=3ca549def26a container.id=[0m
[2m2026-05-22T16:42:35.291Z[0m  [32mINFO [0m [1motap-df-admin::shutdown.completed[0m: [elapsed_ms=100][35m[0m

================================================================================
Component: backend-service
Container ID: 42daf916efe5e5478833b482e79d62bf723956ecb75e748aed895722177fecf2
================================================================================
System Information:
  Available CPU cores: 32
  Available memory: 112.91 GB / 117.92 GB
  Build mode: release
  Memory allocator: jemalloc

Available Component URNs:
  Receivers: urn:otel:receiver:host_metrics, urn:otel:receiver:internal_telemetry, urn:otel:receiver:otap, urn:otel:receiver:otlp, urn:otel:receiver:syslog_cef, urn:otel:receiver:topic, urn:otel:receiver:traffic_generator
  Processors: urn:otel:processor:attribute, urn:otel:processor:batch, urn:otel:processor:content_router, urn:otel:processor:debug, urn:otel:processor:delay, urn:otel:processor:durable_buffer, urn:otel:processor:fanout, urn:otel:processor:filter, urn:otel:processor:log_sampling, urn:otel:processor:retry, urn:otel:processor:temporal_reaggregation, urn:otel:processor:transform, urn:otel:processor:type_router
  Exporters: urn:otel:exporter:console, urn:otel:exporter:error, urn:otel:exporter:noop, urn:otel:exporter:otap, urn:otel:exporter:otlp_grpc, urn:otel:exporter:otlp_http, urn:otel:exporter:parquet, urn:otel:exporter:perf, urn:otel:exporter:topic

Example configuration files can be found in the configs/ directory.
[2m2026-05-22T16:41:11.463Z[0m  [32mINFO [0m [1motap-df-controller::pipeline.core_allocation[0m: [pipeline_group_id=default, pipeline_id=main, num_cores=1, core_allocation=1]
[2m2026-05-22T16:41:11.466Z[0m  [32mINFO [0m [1motap-df-core-nodes::perf_exporter.start[0m: Starting Perf Exporter [frequency_ms=500][35m entity/node.attrs: node.id=perf node.urn=urn:otel:exporter:perf node.type=exporter pipeline.id=main pipeline.group.id=default deployment.generation=0 core.id=1 numa.node.id=0 process.instance.id=AGPFBD7SE552FBGAJUGFVTOCIY host.id=42daf916efe5 container.id=[0m
[2m2026-05-22T16:41:11.466Z[0m  [32mINFO [0m [1motap-df-core-nodes::otap_receiver.start[0m: [listening_addr=0.0.0.0:1235][35m entity/node.attrs: node.id=receiver node.urn=urn:otel:receiver:otap node.type=receiver pipeline.id=main pipeline.group.id=default deployment.generation=0 core.id=1 numa.node.id=0 process.instance.id=AGPFBD7SE552FBGAJUGFVTOCIY host.id=42daf916efe5 container.id=[0m
[2m2026-05-22T16:41:11.466Z[0m  [32mINFO [0m [1motap-df-admin::endpoint.start[0m: Admin HTTP server listening [bind_address=0.0.0.0:8080][35m[0m

================================================================================
END OF CONTAINER LOGS
================================================================================

# DF Engine 400k - DFE OTAP Metrics (low batch)

## Table: metadata_filtered
  
**Description**: Information about the test suite and report.
  
| Attribute        | Value                                         |
|:-----------------|:----------------------------------------------|
| test.suite.start | 2026-05-22T16:41:10.884024+00:00              |
| test.suite       | DFE OTAP Metrics (low batch)                  |
| test.step        | Run Report                                    |
| test.start       | 2026-05-22T16:41:10.884901+00:00              |
| test.name        | 400k                                          |
| report.type      | sql_report                                    |
| report.time      | 2026-05-22T16:43:11.325763+00:00              |
| report.name      | DF Engine 400k - DFE OTAP Metrics (low batch) |
| code.sha         | 60f251825b8a2022b3c3373761eb6b55f9a30da0      |
| code.dirty       | True                                          |
| code.branch      | otap-pdata-opt-bench                          |


## Table: send_receive_rates_by_core
  
**Description**: Core Specific increase and average rate of various send / receive metrics
  
| component_name   | metric_name      |   core_id |   total_increase |   average_rate |
|:-----------------|:-----------------|----------:|-----------------:|---------------:|
| backend-service  | metrics          |         1 |      2.39965e+07 |       402489   |
| load-generator   | metrics_produced |         2 |      5.89981e+06 |        99527.2 |
| load-generator   | metrics_produced |         3 |      5.89952e+06 |        99537.7 |
| load-generator   | metrics_produced |         4 |      5.89738e+06 |        99487.7 |
| load-generator   | metrics_produced |         5 |      5.89997e+06 |        99532.7 |


## Table: aggregate_send_receive_rates
  
**Description**: Cumulative increase and average rate of various send / receive metrics
  
| component_name   | metric_name      |   total_increase |   average_rate |
|:-----------------|:-----------------|-----------------:|---------------:|
| backend-service  | metrics          |      2.39965e+07 |         402489 |
| load-generator   | metrics_produced |      2.35967e+07 |         398085 |


## Table: component_resource_metrics
  
**Description**: CPU and Memory metrics for the components in the Test Suite during the test.
  
| component_name   | metric_name            |   min_value |   avg_value |   max_value |
|:-----------------|:-----------------------|------------:|------------:|------------:|
| load-generator   | container.memory.usage | 3.59105e+08 | 3.6008e+08  | 3.60759e+08 |
| load-generator   | container.cpu.usage    | 2.09844     | 2.10818     | 2.12259     |
| df-engine        | container.cpu.usage    | 0.649568    | 0.663895    | 0.701357    |
| df-engine        | container.memory.usage | 5.06348e+07 | 5.1139e+07  | 5.18267e+07 |
| backend-service  | container.memory.usage | 4.18898e+07 | 4.21739e+07 | 4.28196e+07 |
| backend-service  | container.cpu.usage    | 0.252053    | 0.254301    | 0.257097    |


## Table: metric_loss
  
**Description**: Lost metrics (failed or sent but not received) total and as a percentage
  
|   metrics_lost |   metrics_lost_pct |
|---------------:|-------------------:|
|        -399840 |         -0.0169448 |


## Table: metric_throughput_rates
  
**Description**: Metric throughput rates (metrics/sec) calculated from total counts and observation window duration
  
| metric_name      |   total_increase |   metrics_per_second |
|:-----------------|-----------------:|---------------------:|
| metrics          |      2.39965e+07 |               402343 |
| metrics_produced |      2.35967e+07 |               397251 |


## Table: gh_actions_benchmark
  
**Description**: The final metrics used with gh_actions_benchmark.
  
| name                          | unit        |            value | extra                                                   |
|:------------------------------|:------------|-----------------:|:--------------------------------------------------------|
| dropped_metrics_percentage    | %           |     -1.69448     | DFE OTAP Metrics (low batch)/400k - Dropped Metrics %   |
| cpu_percentage_normalized_avg | %           |     66.3895      | DFE OTAP Metrics (low batch)/400k - CPU % (Normalized)  |
| cpu_percentage_normalized_max | %           |     70.1357      | DFE OTAP Metrics (low batch)/400k - CPU % (Normalized)  |
| ram_mib_avg                   | MiB         |     48.7699      | DFE OTAP Metrics (low batch)/400k - RAM (MiB)           |
| ram_mib_max                   | MiB         |     49.4258      | DFE OTAP Metrics (low batch)/400k - RAM (MiB)           |
| metrics_produced_rate         | metrics/sec | 397251           | DFE OTAP Metrics (low batch)/400k - Metric Throughput   |
| metrics_received_rate         | metrics/sec | 402343           | DFE OTAP Metrics (low batch)/400k - Metric Throughput   |
| test_duration                 | seconds     |     60.0007      | DFE OTAP Metrics (low batch)/400k - Test Duration       |
| network_tx_bytes_rate_avg     | bytes/sec   |      8.15474e+07 | DFE OTAP Metrics (low batch)/400k - Network Utilization |
| network_rx_bytes_rate_avg     | bytes/sec   |      8.14133e+07 | DFE OTAP Metrics (low batch)/400k - Network Utilization |



  Captured run env: .data/dfe_metrics_otap_none_lowbatch/20260522_164110/run_env.json
  Environment:      INTEL(R) XEON(R) PLATINUM 8581C CPU @ 2.30GHz / x86_64 / 16 cores / 118 GiB / Debian GNU/Linux 12

Publishing results...
  Updated /home/jakedern/repos/otel-arrow-otap-opt/tools/comparison_dashboard/.site/data/suite/dfe_metrics_otap_none_lowbatch/suite.yaml
  Updated /home/jakedern/repos/otel-arrow-otap-opt/tools/comparison_dashboard/.site/data/suite/dfe_metrics_otap_none_lowbatch/run_env.json
  400k: metrics.json from sql_report-df_engine_400k_dfe_otap_metrics_low_batch-20260522_164311.json
  400k: 5 files published
  Published to /home/jakedern/repos/otel-arrow-otap-opt/tools/comparison_dashboard/.site/data/suite/dfe_metrics_otap_none_lowbatch
