Resolved 1 suite(s):
  - /home/jakedern/repos/otel-arrow-otap-opt/tools/comparison_dashboard/suites/dfe/dfe-logs-otap-none-baseline.yaml
Publishing to: /home/jakedern/repos/otel-arrow-otap-opt/tools/comparison_dashboard/.site/data


############################################################
# [1/1] dfe-logs-otap-none-baseline
############################################################

Suite:    DFE OTAP Baseline (Logs)
Slug:     dfe_logs_otap_none_baseline
Binary:   dfe
File:     /home/jakedern/repos/otel-arrow-otap-opt/tools/comparison_dashboard/suites/dfe/dfe-logs-otap-none-baseline.yaml
Template: ../pipeline_perf_test/test_suites/comparison_dashboard/templates/orchestrator/dfe-single-core-multi-rate.yaml
Staging:  .data/dfe_logs_otap_none_baseline/20260522_150126

Rendering orchestrator config...
  Generated .data/dfe_logs_otap_none_baseline/20260522_150126/orchestrator.yaml

============================================================
Running: /home/jakedern/repos/otel-arrow/.venv/bin/python ../pipeline_perf_test/orchestrator/run_orchestrator.py --config .data/dfe_logs_otap_none_baseline/20260522_150126/orchestrator.yaml --tests 1000k
Log:     .data/dfe_logs_otap_none_baseline/20260522_150126/orchestrator.log
============================================================

[2026-05-22 15:01:27] INFO | ctx.type=- ctx.name=- | Starting Test: 1000k
[2026-05-22 15:01:27] INFO | ctx.type=ScenarioContext ctx.name=1000k | Running 14 test steps...
[2026-05-22 15:01:27] INFO | ctx.type=FrameworkElementHookContext ctx.name=RenderTemplateHook (pre_run) | Rendered template saved to .data/dfe_logs_otap_none_baseline/20260522_150126/tests/1000k/backend-config.rendered.yaml
[2026-05-22 15:01:27] INFO | ctx.type=StepContext ctx.name=Deploy Backend Engine | Executing main step action...
[2026-05-22 15:01:28] INFO | ctx.type=FrameworkElementHookContext ctx.name=ReadyCheckHttpHook (post_run) | Ready check passed on attempt 2
[2026-05-22 15:01:28] INFO | ctx.type=FrameworkElementHookContext ctx.name=RenderTemplateHook (pre_run) | Rendered template saved to .data/dfe_logs_otap_none_baseline/20260522_150126/tests/1000k/engine-config.rendered.yaml
[2026-05-22 15:01:28] INFO | ctx.type=StepContext ctx.name=Deploy Dataflow Engine | Executing main step action...
[2026-05-22 15:01:29] INFO | ctx.type=FrameworkElementHookContext ctx.name=ReadyCheckHttpHook (post_run) | Ready check passed on attempt 2
[2026-05-22 15:01:29] INFO | ctx.type=FrameworkElementHookContext ctx.name=RenderTemplateHook (pre_run) | Rendered template saved to .data/dfe_logs_otap_none_baseline/20260522_150126/tests/1000k/loadgen-config.rendered.yaml
[2026-05-22 15:01:29] INFO | ctx.type=StepContext ctx.name=Deploy Load Generator | Executing main step action...
[2026-05-22 15:01:31] INFO | ctx.type=FrameworkElementHookContext ctx.name=ReadyCheckHttpHook (post_run) | Ready check passed on attempt 2
[2026-05-22 15:01:31] INFO | ctx.type=StepContext ctx.name=Monitor All | Executing main step action...
[2026-05-22 15:01:31] INFO | ctx.type=StepContext ctx.name=Wait for data | Executing main step action...
[2026-05-22 15:01:41] INFO | ctx.type=StepContext ctx.name=Observe Load | Executing main step action...
[2026-05-22 15:03:41] INFO | ctx.type=StepContext ctx.name=Wait Before Drain | Executing main step action...
[2026-05-22 15:03:51] INFO | ctx.type=StepContext ctx.name=Stop Load Generator | Executing main step action...
[2026-05-22 15:03:51] INFO | ctx.type=StepContext ctx.name=Stop Engine | Executing main step action...
[2026-05-22 15:03:51] INFO | ctx.type=StepContext ctx.name=Stop Backend | Executing main step action...
[2026-05-22 15:03:51] INFO | ctx.type=StepContext ctx.name=Wait For Metrics Update | Executing main step action...
[2026-05-22 15:03:52] INFO | ctx.type=StepContext ctx.name=Stop Monitoring All | Executing main step action...
[2026-05-22 15:03:56] INFO | ctx.type=StepContext ctx.name=Destroy All | Executing main step action...
[2026-05-22 15:04:27] INFO | ctx.type=StepContext ctx.name=Run Report | Executing main step action...

================================================================================
DOCKER CONTAINER LOGS
================================================================================

================================================================================
Component: load-generator
Container ID: 226f482cc4038a8bd2ac2112e60c732d59d56c66918f9a951bba5aba204bfd43
================================================================================
System Information:
  Available CPU cores: 32
  Available memory: 112.86 GB / 117.92 GB
  Build mode: release
  Memory allocator: jemalloc

Available Component URNs:
  Receivers: urn:otel:receiver:host_metrics, urn:otel:receiver:internal_telemetry, urn:otel:receiver:otap, urn:otel:receiver:otlp, urn:otel:receiver:syslog_cef, urn:otel:receiver:topic, urn:otel:receiver:traffic_generator
  Processors: urn:otel:processor:attribute, urn:otel:processor:batch, urn:otel:processor:content_router, urn:otel:processor:debug, urn:otel:processor:delay, urn:otel:processor:durable_buffer, urn:otel:processor:fanout, urn:otel:processor:filter, urn:otel:processor:log_sampling, urn:otel:processor:retry, urn:otel:processor:temporal_reaggregation, urn:otel:processor:transform, urn:otel:processor:type_router
  Exporters: urn:otel:exporter:console, urn:otel:exporter:error, urn:otel:exporter:noop, urn:otel:exporter:otap, urn:otel:exporter:otlp_grpc, urn:otel:exporter:otlp_http, urn:otel:exporter:parquet, urn:otel:exporter:perf, urn:otel:exporter:topic

Example configuration files can be found in the configs/ directory.
[2m2026-05-22T15:01:30.240Z[0m  [32mINFO [0m [1motap-df-controller::pipeline.core_allocation[0m: [pipeline_group_id=default, pipeline_id=main, num_cores=10, core_allocation=2-11]
[2m2026-05-22T15:01:30.246Z[0m  [32mINFO [0m [1motap-df-core-nodes::otap_exporter.start[0m: Starting OTAP Exporter [grpc_endpoint=http://df-engine:4317][35m entity/node.attrs: node.id=exporter node.urn=urn:otel:exporter:otap node.type=exporter pipeline.id=main pipeline.group.id=default deployment.generation=0 core.id=5 numa.node.id=0 process.instance.id=AGPFANFOABZYFPP5Q5QJCM4EUM host.id=226f482cc403 container.id=[0m
[2m2026-05-22T15:01:30.246Z[0m  [32mINFO [0m [1motap-df-core-nodes::otap_exporter.start[0m: Starting OTAP Exporter [grpc_endpoint=http://df-engine:4317][35m entity/node.attrs: node.id=exporter node.urn=urn:otel:exporter:otap node.type=exporter pipeline.id=main pipeline.group.id=default deployment.generation=0 core.id=4 numa.node.id=0 process.instance.id=AGPFANFOABZYFPP5Q5QJCM4EUM host.id=226f482cc403 container.id=[0m
[2m2026-05-22T15:01:30.246Z[0m  [32mINFO [0m [1motap-df-core-nodes::otap_exporter.start[0m: Starting OTAP Exporter [grpc_endpoint=http://df-engine:4317][35m entity/node.attrs: node.id=exporter node.urn=urn:otel:exporter:otap node.type=exporter pipeline.id=main pipeline.group.id=default deployment.generation=0 core.id=2 numa.node.id=0 process.instance.id=AGPFANFOABZYFPP5Q5QJCM4EUM host.id=226f482cc403 container.id=[0m
[2m2026-05-22T15:01:30.246Z[0m  [32mINFO [0m [1motap-df-core-nodes::otap_exporter.start[0m: Starting OTAP Exporter [grpc_endpoint=http://df-engine:4317][35m entity/node.attrs: node.id=exporter node.urn=urn:otel:exporter:otap node.type=exporter pipeline.id=main pipeline.group.id=default deployment.generation=0 core.id=3 numa.node.id=0 process.instance.id=AGPFANFOABZYFPP5Q5QJCM4EUM host.id=226f482cc403 container.id=[0m
[2m2026-05-22T15:01:30.249Z[0m  [32mINFO [0m [1motap-df-core-nodes::otap_exporter.start[0m: Starting OTAP Exporter [grpc_endpoint=http://df-engine:4317][35m entity/node.attrs: node.id=exporter node.urn=urn:otel:exporter:otap node.type=exporter pipeline.id=main pipeline.group.id=default deployment.generation=0 core.id=8 numa.node.id=0 process.instance.id=AGPFANFOABZYFPP5Q5QJCM4EUM host.id=226f482cc403 container.id=[0m
[2m2026-05-22T15:01:30.249Z[0m  [32mINFO [0m [1motap-df-core-nodes::otap_exporter.start[0m: Starting OTAP Exporter [grpc_endpoint=http://df-engine:4317][35m entity/node.attrs: node.id=exporter node.urn=urn:otel:exporter:otap node.type=exporter pipeline.id=main pipeline.group.id=default deployment.generation=0 core.id=6 numa.node.id=0 process.instance.id=AGPFANFOABZYFPP5Q5QJCM4EUM host.id=226f482cc403 container.id=[0m
[2m2026-05-22T15:01:30.250Z[0m  [32mINFO [0m [1motap-df-core-nodes::otap_exporter.start[0m: Starting OTAP Exporter [grpc_endpoint=http://df-engine:4317][35m entity/node.attrs: node.id=exporter node.urn=urn:otel:exporter:otap node.type=exporter pipeline.id=main pipeline.group.id=default deployment.generation=0 core.id=9 numa.node.id=0 process.instance.id=AGPFANFOABZYFPP5Q5QJCM4EUM host.id=226f482cc403 container.id=[0m
[2m2026-05-22T15:01:30.250Z[0m  [32mINFO [0m [1motap-df-core-nodes::otap_exporter.start[0m: Starting OTAP Exporter [grpc_endpoint=http://df-engine:4317][35m entity/node.attrs: node.id=exporter node.urn=urn:otel:exporter:otap node.type=exporter pipeline.id=main pipeline.group.id=default deployment.generation=0 core.id=7 numa.node.id=0 process.instance.id=AGPFANFOABZYFPP5Q5QJCM4EUM host.id=226f482cc403 container.id=[0m
[2m2026-05-22T15:01:30.251Z[0m  [32mINFO [0m [1motap-df-core-nodes::otap_exporter.start[0m: Starting OTAP Exporter [grpc_endpoint=http://df-engine:4317][35m entity/node.attrs: node.id=exporter node.urn=urn:otel:exporter:otap node.type=exporter pipeline.id=main pipeline.group.id=default deployment.generation=0 core.id=10 numa.node.id=0 process.instance.id=AGPFANFOABZYFPP5Q5QJCM4EUM host.id=226f482cc403 container.id=[0m
[2m2026-05-22T15:01:30.252Z[0m  [32mINFO [0m [1motap-df-core-nodes::otap_exporter.start[0m: Starting OTAP Exporter [grpc_endpoint=http://df-engine:4317][35m entity/node.attrs: node.id=exporter node.urn=urn:otel:exporter:otap node.type=exporter pipeline.id=main pipeline.group.id=default deployment.generation=0 core.id=11 numa.node.id=0 process.instance.id=AGPFANFOABZYFPP5Q5QJCM4EUM host.id=226f482cc403 container.id=[0m
[2m2026-05-22T15:01:30.252Z[0m  [32mINFO [0m [1motap-df-admin::endpoint.start[0m: Admin HTTP server listening [bind_address=0.0.0.0:8080][35m[0m
[2m2026-05-22T15:03:51.232Z[0m  [32mINFO [0m [1motap-df-admin::shutdown.requested[0m: [wait=true, timeout_secs=5][35m[0m
[2m2026-05-22T15:03:51.232Z[0m  [32mINFO [0m [1motap-df-admin::shutdown.blocking_wait[0m: [timeout_secs=5][35m[0m
[2m2026-05-22T15:03:51.232Z[0m  [32mINFO [0m [1motap-df-state::state.observed_event[0m: global shutdown [pipeline_group_id=default, pipeline_id=main, core_id=3, event_type=ShutdownRequested][35m[0m
[2m2026-05-22T15:03:51.232Z[0m  [32mINFO [0m [1motap-df-state::state.observed_event[0m: global shutdown [pipeline_group_id=default, pipeline_id=main, core_id=4, event_type=ShutdownRequested][35m[0m
[2m2026-05-22T15:03:51.232Z[0m  [32mINFO [0m [1motap-df-state::state.observed_event[0m: global shutdown [pipeline_group_id=default, pipeline_id=main, core_id=7, event_type=ShutdownRequested][35m[0m
[2m2026-05-22T15:03:51.232Z[0m  [32mINFO [0m [1motap-df-state::state.observed_event[0m: global shutdown [pipeline_group_id=default, pipeline_id=main, core_id=5, event_type=ShutdownRequested][35m[0m
[2m2026-05-22T15:03:51.232Z[0m  [32mINFO [0m [1motap-df-state::state.observed_event[0m: global shutdown [pipeline_group_id=default, pipeline_id=main, core_id=10, event_type=ShutdownRequested][35m[0m
[2m2026-05-22T15:03:51.232Z[0m  [32mINFO [0m [1motap-df-state::state.observed_event[0m: global shutdown [pipeline_group_id=default, pipeline_id=main, core_id=11, event_type=ShutdownRequested][35m[0m
[2m2026-05-22T15:03:51.232Z[0m  [32mINFO [0m [1motap-df-state::state.observed_event[0m: global shutdown [pipeline_group_id=default, pipeline_id=main, core_id=6, event_type=ShutdownRequested][35m[0m
[2m2026-05-22T15:03:51.232Z[0m  [32mINFO [0m [1motap-df-state::state.observed_event[0m: global shutdown [pipeline_group_id=default, pipeline_id=main, core_id=9, event_type=ShutdownRequested][35m[0m
[2m2026-05-22T15:03:51.232Z[0m  [32mINFO [0m [1motap-df-core-nodes::traffic_generator.drain_ingress[0m[35m entity/node.attrs: node.id=receiver node.urn=urn:otel:receiver:traffic_generator node.type=receiver pipeline.id=main pipeline.group.id=default deployment.generation=0 core.id=4 numa.node.id=0 process.instance.id=AGPFANFOABZYFPP5Q5QJCM4EUM host.id=226f482cc403 container.id=[0m
[2m2026-05-22T15:03:51.232Z[0m  [32mINFO [0m [1motap-df-core-nodes::traffic_generator.drain_ingress[0m[35m entity/node.attrs: node.id=receiver node.urn=urn:otel:receiver:traffic_generator node.type=receiver pipeline.id=main pipeline.group.id=default deployment.generation=0 core.id=3 numa.node.id=0 process.instance.id=AGPFANFOABZYFPP5Q5QJCM4EUM host.id=226f482cc403 container.id=[0m
[2m2026-05-22T15:03:51.232Z[0m  [32mINFO [0m [1motap-df-core-nodes::traffic_generator.drain_ingress[0m[35m entity/node.attrs: node.id=receiver node.urn=urn:otel:receiver:traffic_generator node.type=receiver pipeline.id=main pipeline.group.id=default deployment.generation=0 core.id=5 numa.node.id=0 process.instance.id=AGPFANFOABZYFPP5Q5QJCM4EUM host.id=226f482cc403 container.id=[0m
[2m2026-05-22T15:03:51.232Z[0m  [32mINFO [0m [1motap-df-core-nodes::traffic_generator.drain_ingress[0m[35m entity/node.attrs: node.id=receiver node.urn=urn:otel:receiver:traffic_generator node.type=receiver pipeline.id=main pipeline.group.id=default deployment.generation=0 core.id=7 numa.node.id=0 process.instance.id=AGPFANFOABZYFPP5Q5QJCM4EUM host.id=226f482cc403 container.id=[0m
[2m2026-05-22T15:03:51.232Z[0m  [32mINFO [0m [1motap-df-core-nodes::traffic_generator.drain_ingress[0m[35m entity/node.attrs: node.id=receiver node.urn=urn:otel:receiver:traffic_generator node.type=receiver pipeline.id=main pipeline.group.id=default deployment.generation=0 core.id=11 numa.node.id=0 process.instance.id=AGPFANFOABZYFPP5Q5QJCM4EUM host.id=226f482cc403 container.id=[0m
[2m2026-05-22T15:03:51.232Z[0m  [32mINFO [0m [1motap-df-core-nodes::traffic_generator.drain_ingress[0m[35m entity/node.attrs: node.id=receiver node.urn=urn:otel:receiver:traffic_generator node.type=receiver pipeline.id=main pipeline.group.id=default deployment.generation=0 core.id=10 numa.node.id=0 process.instance.id=AGPFANFOABZYFPP5Q5QJCM4EUM host.id=226f482cc403 container.id=[0m
[2m2026-05-22T15:03:51.232Z[0m  [32mINFO [0m [1motap-df-core-nodes::traffic_generator.drain_ingress[0m[35m entity/node.attrs: node.id=receiver node.urn=urn:otel:receiver:traffic_generator node.type=receiver pipeline.id=main pipeline.group.id=default deployment.generation=0 core.id=6 numa.node.id=0 process.instance.id=AGPFANFOABZYFPP5Q5QJCM4EUM host.id=226f482cc403 container.id=[0m
[2m2026-05-22T15:03:51.232Z[0m  [32mINFO [0m [1motap-df-core-nodes::traffic_generator.drain_ingress[0m[35m entity/node.attrs: node.id=receiver node.urn=urn:otel:receiver:traffic_generator node.type=receiver pipeline.id=main pipeline.group.id=default deployment.generation=0 core.id=9 numa.node.id=0 process.instance.id=AGPFANFOABZYFPP5Q5QJCM4EUM host.id=226f482cc403 container.id=[0m
[2m2026-05-22T15:03:51.232Z[0m  [32mINFO [0m [1motap-df-state::state.observed_event[0m: global shutdown [pipeline_group_id=default, pipeline_id=main, core_id=8, event_type=ShutdownRequested][35m[0m
[2m2026-05-22T15:03:51.232Z[0m  [32mINFO [0m [1motap-df-core-nodes::traffic_generator.drain_ingress[0m[35m entity/node.attrs: node.id=receiver node.urn=urn:otel:receiver:traffic_generator node.type=receiver pipeline.id=main pipeline.group.id=default deployment.generation=0 core.id=8 numa.node.id=0 process.instance.id=AGPFANFOABZYFPP5Q5QJCM4EUM host.id=226f482cc403 container.id=[0m
[2m2026-05-22T15:03:51.232Z[0m  [32mINFO [0m [1motap-df-state::state.observed_event[0m: global shutdown [pipeline_group_id=default, pipeline_id=main, core_id=2, event_type=ShutdownRequested][35m[0m
[2m2026-05-22T15:03:51.232Z[0m  [32mINFO [0m [1motap-df-core-nodes::traffic_generator.drain_ingress[0m[35m entity/node.attrs: node.id=receiver node.urn=urn:otel:receiver:traffic_generator node.type=receiver pipeline.id=main pipeline.group.id=default deployment.generation=0 core.id=2 numa.node.id=0 process.instance.id=AGPFANFOABZYFPP5Q5QJCM4EUM host.id=226f482cc403 container.id=[0m
[2m2026-05-22T15:03:51.234Z[0m  [32mINFO [0m [1motap-df-core-nodes::otap_exporter.shutdown[0m: OTAP Exporter shutting down[35m entity/node.attrs: node.id=exporter node.urn=urn:otel:exporter:otap node.type=exporter pipeline.id=main pipeline.group.id=default deployment.generation=0 core.id=4 numa.node.id=0 process.instance.id=AGPFANFOABZYFPP5Q5QJCM4EUM host.id=226f482cc403 container.id=[0m
[2m2026-05-22T15:03:51.234Z[0m  [32mINFO [0m [1motap-df-core-nodes::otap_exporter.shutdown[0m: OTAP Exporter shutting down[35m entity/node.attrs: node.id=exporter node.urn=urn:otel:exporter:otap node.type=exporter pipeline.id=main pipeline.group.id=default deployment.generation=0 core.id=10 numa.node.id=0 process.instance.id=AGPFANFOABZYFPP5Q5QJCM4EUM host.id=226f482cc403 container.id=[0m
[2m2026-05-22T15:03:51.234Z[0m  [32mINFO [0m [1motap-df-core-nodes::otap_exporter.shutdown[0m: OTAP Exporter shutting down[35m entity/node.attrs: node.id=exporter node.urn=urn:otel:exporter:otap node.type=exporter pipeline.id=main pipeline.group.id=default deployment.generation=0 core.id=11 numa.node.id=0 process.instance.id=AGPFANFOABZYFPP5Q5QJCM4EUM host.id=226f482cc403 container.id=[0m
[2m2026-05-22T15:03:51.234Z[0m  [32mINFO [0m [1motap-df-core-nodes::otap_exporter.shutdown[0m: OTAP Exporter shutting down[35m entity/node.attrs: node.id=exporter node.urn=urn:otel:exporter:otap node.type=exporter pipeline.id=main pipeline.group.id=default deployment.generation=0 core.id=6 numa.node.id=0 process.instance.id=AGPFANFOABZYFPP5Q5QJCM4EUM host.id=226f482cc403 container.id=[0m
[2m2026-05-22T15:03:51.234Z[0m  [32mINFO [0m [1motap-df-core-nodes::otap_exporter.shutdown[0m: OTAP Exporter shutting down[35m entity/node.attrs: node.id=exporter node.urn=urn:otel:exporter:otap node.type=exporter pipeline.id=main pipeline.group.id=default deployment.generation=0 core.id=3 numa.node.id=0 process.instance.id=AGPFANFOABZYFPP5Q5QJCM4EUM host.id=226f482cc403 container.id=[0m
[2m2026-05-22T15:03:51.234Z[0m  [32mINFO [0m [1motap-df-core-nodes::otap_exporter.shutdown[0m: OTAP Exporter shutting down[35m entity/node.attrs: node.id=exporter node.urn=urn:otel:exporter:otap node.type=exporter pipeline.id=main pipeline.group.id=default deployment.generation=0 core.id=7 numa.node.id=0 process.instance.id=AGPFANFOABZYFPP5Q5QJCM4EUM host.id=226f482cc403 container.id=[0m
[2m2026-05-22T15:03:51.234Z[0m  [32mINFO [0m [1motap-df-core-nodes::otap_exporter.shutdown[0m: OTAP Exporter shutting down[35m entity/node.attrs: node.id=exporter node.urn=urn:otel:exporter:otap node.type=exporter pipeline.id=main pipeline.group.id=default deployment.generation=0 core.id=5 numa.node.id=0 process.instance.id=AGPFANFOABZYFPP5Q5QJCM4EUM host.id=226f482cc403 container.id=[0m
[2m2026-05-22T15:03:51.234Z[0m  [32mINFO [0m [1motap-df-core-nodes::otap_exporter.shutdown[0m: OTAP Exporter shutting down[35m entity/node.attrs: node.id=exporter node.urn=urn:otel:exporter:otap node.type=exporter pipeline.id=main pipeline.group.id=default deployment.generation=0 core.id=8 numa.node.id=0 process.instance.id=AGPFANFOABZYFPP5Q5QJCM4EUM host.id=226f482cc403 container.id=[0m
[2m2026-05-22T15:03:51.234Z[0m  [32mINFO [0m [1motap-df-core-nodes::otap_exporter.shutdown[0m: OTAP Exporter shutting down[35m entity/node.attrs: node.id=exporter node.urn=urn:otel:exporter:otap node.type=exporter pipeline.id=main pipeline.group.id=default deployment.generation=0 core.id=2 numa.node.id=0 process.instance.id=AGPFANFOABZYFPP5Q5QJCM4EUM host.id=226f482cc403 container.id=[0m
[2m2026-05-22T15:03:51.235Z[0m  [32mINFO [0m [1motap-df-core-nodes::otap_exporter.shutdown[0m: OTAP Exporter shutting down[35m entity/node.attrs: node.id=exporter node.urn=urn:otel:exporter:otap node.type=exporter pipeline.id=main pipeline.group.id=default deployment.generation=0 core.id=9 numa.node.id=0 process.instance.id=AGPFANFOABZYFPP5Q5QJCM4EUM host.id=226f482cc403 container.id=[0m
[2m2026-05-22T15:03:51.332Z[0m  [32mINFO [0m [1motap-df-admin::shutdown.completed[0m: [elapsed_ms=100][35m[0m
[2m2026-05-22T15:03:51.334Z[0m  [32mINFO [0m [1motap-df-admin::shutdown.requested[0m: [wait=true, timeout_secs=5][35m[0m
[2m2026-05-22T15:03:51.334Z[0m  [32mINFO [0m [1motap-df-admin::shutdown.blocking_wait[0m: [timeout_secs=5][35m[0m
[2m2026-05-22T15:03:51.334Z[0m  [32mINFO [0m [1motap-df-admin::shutdown.completed[0m: [elapsed_ms=0][35m[0m

================================================================================
Component: df-engine
Container ID: 0a284942cb8683b9a99bc5644589b250b5675a0967838b61c9f3df87047b75f6
================================================================================
System Information:
  Available CPU cores: 32
  Available memory: 112.91 GB / 117.92 GB
  Build mode: release
  Memory allocator: jemalloc

Available Component URNs:
  Receivers: urn:otel:receiver:host_metrics, urn:otel:receiver:internal_telemetry, urn:otel:receiver:otap, urn:otel:receiver:otlp, urn:otel:receiver:syslog_cef, urn:otel:receiver:topic, urn:otel:receiver:traffic_generator
  Processors: urn:otel:processor:attribute, urn:otel:processor:batch, urn:otel:processor:content_router, urn:otel:processor:debug, urn:otel:processor:delay, urn:otel:processor:durable_buffer, urn:otel:processor:fanout, urn:otel:processor:filter, urn:otel:processor:log_sampling, urn:otel:processor:retry, urn:otel:processor:temporal_reaggregation, urn:otel:processor:transform, urn:otel:processor:type_router
  Exporters: urn:otel:exporter:console, urn:otel:exporter:error, urn:otel:exporter:noop, urn:otel:exporter:otap, urn:otel:exporter:otlp_grpc, urn:otel:exporter:otlp_http, urn:otel:exporter:parquet, urn:otel:exporter:perf, urn:otel:exporter:topic

Example configuration files can be found in the configs/ directory.
[2m2026-05-22T15:01:28.928Z[0m  [32mINFO [0m [1motap-df-controller::pipeline.core_allocation[0m: [pipeline_group_id=default, pipeline_id=main, num_cores=1, core_allocation=0]
[2m2026-05-22T15:01:28.931Z[0m  [32mINFO [0m [1motap-df-core-nodes::otap_exporter.start[0m: Starting OTAP Exporter [grpc_endpoint=http://backend-service:1235][35m entity/node.attrs: node.id=exporter node.urn=urn:otel:exporter:otap node.type=exporter pipeline.id=main pipeline.group.id=default deployment.generation=0 core.id=0 numa.node.id=0 process.instance.id=AGPFANFI355VHOINRMM44YQVZE host.id=0a284942cb86 container.id=[0m
[2m2026-05-22T15:01:28.931Z[0m  [32mINFO [0m [1motap-df-core-nodes::otap_receiver.start[0m: [listening_addr=0.0.0.0:4317][35m entity/node.attrs: node.id=receiver node.urn=urn:otel:receiver:otap node.type=receiver pipeline.id=main pipeline.group.id=default deployment.generation=0 core.id=0 numa.node.id=0 process.instance.id=AGPFANFI355VHOINRMM44YQVZE host.id=0a284942cb86 container.id=[0m
[2m2026-05-22T15:01:28.932Z[0m  [32mINFO [0m [1motap-df-admin::endpoint.start[0m: Admin HTTP server listening [bind_address=0.0.0.0:8080][35m[0m
[2m2026-05-22T15:03:51.336Z[0m  [32mINFO [0m [1motap-df-admin::shutdown.requested[0m: [wait=true, timeout_secs=5][35m[0m
[2m2026-05-22T15:03:51.336Z[0m  [32mINFO [0m [1motap-df-admin::shutdown.blocking_wait[0m: [timeout_secs=5][35m[0m
[2m2026-05-22T15:03:51.336Z[0m  [32mINFO [0m [1motap-df-state::state.observed_event[0m: global shutdown [pipeline_group_id=default, pipeline_id=main, core_id=0, event_type=ShutdownRequested][35m[0m
[2m2026-05-22T15:03:51.336Z[0m  [32mINFO [0m [1motap-df-core-nodes::otap_receiver.drain_ingress[0m[35m entity/node.attrs: node.id=receiver node.urn=urn:otel:receiver:otap node.type=receiver pipeline.id=main pipeline.group.id=default deployment.generation=0 core.id=0 numa.node.id=0 process.instance.id=AGPFANFI355VHOINRMM44YQVZE host.id=0a284942cb86 container.id=[0m
[2m2026-05-22T15:03:51.336Z[0m  [32mINFO [0m [1motap-df-core-nodes::otap_exporter.shutdown[0m: OTAP Exporter shutting down[35m entity/node.attrs: node.id=exporter node.urn=urn:otel:exporter:otap node.type=exporter pipeline.id=main pipeline.group.id=default deployment.generation=0 core.id=0 numa.node.id=0 process.instance.id=AGPFANFI355VHOINRMM44YQVZE host.id=0a284942cb86 container.id=[0m
[2m2026-05-22T15:03:51.437Z[0m  [32mINFO [0m [1motap-df-admin::shutdown.completed[0m: [elapsed_ms=101][35m[0m

================================================================================
Component: backend-service
Container ID: 904c6ee141e25dd0bfe6069645ab411b536ce77f0c0a411ce5700ad362895f1f
================================================================================
System Information:
  Available CPU cores: 32
  Available memory: 112.97 GB / 117.92 GB
  Build mode: release
  Memory allocator: jemalloc

Available Component URNs:
  Receivers: urn:otel:receiver:host_metrics, urn:otel:receiver:internal_telemetry, urn:otel:receiver:otap, urn:otel:receiver:otlp, urn:otel:receiver:syslog_cef, urn:otel:receiver:topic, urn:otel:receiver:traffic_generator
  Processors: urn:otel:processor:attribute, urn:otel:processor:batch, urn:otel:processor:content_router, urn:otel:processor:debug, urn:otel:processor:delay, urn:otel:processor:durable_buffer, urn:otel:processor:fanout, urn:otel:processor:filter, urn:otel:processor:log_sampling, urn:otel:processor:retry, urn:otel:processor:temporal_reaggregation, urn:otel:processor:transform, urn:otel:processor:type_router
  Exporters: urn:otel:exporter:console, urn:otel:exporter:error, urn:otel:exporter:noop, urn:otel:exporter:otap, urn:otel:exporter:otlp_grpc, urn:otel:exporter:otlp_http, urn:otel:exporter:parquet, urn:otel:exporter:perf, urn:otel:exporter:topic

Example configuration files can be found in the configs/ directory.
[2m2026-05-22T15:01:27.624Z[0m  [32mINFO [0m [1motap-df-controller::pipeline.core_allocation[0m: [pipeline_group_id=default, pipeline_id=main, num_cores=1, core_allocation=1]
[2m2026-05-22T15:01:27.627Z[0m  [32mINFO [0m [1motap-df-admin::endpoint.start[0m: Admin HTTP server listening [bind_address=0.0.0.0:8080][35m[0m
[2m2026-05-22T15:01:27.627Z[0m  [32mINFO [0m [1motap-df-core-nodes::perf_exporter.start[0m: Starting Perf Exporter [frequency_ms=500][35m entity/node.attrs: node.id=perf node.urn=urn:otel:exporter:perf node.type=exporter pipeline.id=main pipeline.group.id=default deployment.generation=0 core.id=1 numa.node.id=0 process.instance.id=AGPFANFDZB4IFHDDR6OMDFR7DI host.id=904c6ee141e2 container.id=[0m
[2m2026-05-22T15:01:27.627Z[0m  [32mINFO [0m [1motap-df-core-nodes::otap_receiver.start[0m: [listening_addr=0.0.0.0:1235][35m entity/node.attrs: node.id=receiver node.urn=urn:otel:receiver:otap node.type=receiver pipeline.id=main pipeline.group.id=default deployment.generation=0 core.id=1 numa.node.id=0 process.instance.id=AGPFANFDZB4IFHDDR6OMDFR7DI host.id=904c6ee141e2 container.id=[0m

================================================================================
END OF CONTAINER LOGS
================================================================================

# DF Engine 1000k - DFE OTAP Baseline (Logs)

## Table: metadata_filtered
  
**Description**: Information about the test suite and report.
  
| Attribute        | Value                                      |
|:-----------------|:-------------------------------------------|
| test.suite.start | 2026-05-22T15:01:27.287152+00:00           |
| test.suite       | DFE OTAP Baseline (Logs)                   |
| test.step        | Run Report                                 |
| test.start       | 2026-05-22T15:01:27.287946+00:00           |
| test.name        | 1000k                                      |
| report.type      | sql_report                                 |
| report.time      | 2026-05-22T15:04:27.222788+00:00           |
| report.name      | DF Engine 1000k - DFE OTAP Baseline (Logs) |
| code.sha         | 60f251825b8a2022b3c3373761eb6b55f9a30da0   |
| code.dirty       | True                                       |
| code.branch      | otap-pdata-opt-bench                       |


## Table: send_receive_rates_by_core
  
**Description**: Core Specific increase and average rate of various send / receive metrics
  
| component_name   | metric_name   |   core_id |   total_increase |     average_rate |
|:-----------------|:--------------|----------:|-----------------:|-----------------:|
| backend-service  | logs          |         1 |      1.19998e+08 |      1.00225e+06 |
| load-generator   | logs_produced |        10 |      1.18e+07    |  99615.3         |
| load-generator   | logs_produced |        11 |      1.18e+07    |  99966.2         |
| load-generator   | logs_produced |         2 |      1.19e+07    | 100608           |
| load-generator   | logs_produced |         3 |      1.19e+07    | 100548           |
| load-generator   | logs_produced |         4 |      1.19e+07    | 100863           |
| load-generator   | logs_produced |         5 |      1.18e+07    |  99968.6         |
| load-generator   | logs_produced |         6 |      1.18e+07    |  99788.7         |
| load-generator   | logs_produced |         7 |      1.1798e+07  |  99941.6         |
| load-generator   | logs_produced |         8 |      1.19e+07    | 100472           |
| load-generator   | logs_produced |         9 |      1.18e+07    |  99886           |


## Table: aggregate_send_receive_rates
  
**Description**: Cumulative increase and average rate of various send / receive metrics
  
| component_name   | metric_name   |   total_increase |   average_rate |
|:-----------------|:--------------|-----------------:|---------------:|
| backend-service  | logs          |      1.19998e+08 |    1.00225e+06 |
| load-generator   | logs_produced |      1.18398e+08 |    1.00166e+06 |


## Table: component_resource_metrics
  
**Description**: CPU and Memory metrics for the components in the Test Suite during the test.
  
| component_name   | metric_name            |   min_value |   avg_value |   max_value |
|:-----------------|:-----------------------|------------:|------------:|------------:|
| load-generator   | container.memory.usage | 1.00809e+09 | 1.01075e+09 | 1.01234e+09 |
| load-generator   | container.cpu.usage    | 1.06053     | 1.07141     | 1.08475     |
| df-engine        | container.cpu.usage    | 0.269733    | 0.272085    | 0.274244    |
| df-engine        | container.memory.usage | 5.86957e+07 | 5.92595e+07 | 5.98016e+07 |
| backend-service  | container.cpu.usage    | 0.133553    | 0.134707    | 0.13672     |
| backend-service  | container.memory.usage | 4.51215e+07 | 4.73311e+07 | 4.77921e+07 |


## Table: log_loss
  
**Description**: Lost logs (failed or sent but not received) total and as a percentage
  
|   logs_lost |   logs_lost_pct |
|------------:|----------------:|
|    -1.6e+06 |      -0.0135137 |


## Table: log_throughput_rates
  
**Description**: Log throughput rates (logs/sec) calculated from total counts and observation window duration
  
| metric_name   |   total_increase |   logs_per_second |
|:--------------|-----------------:|------------------:|
| logs          |      1.19998e+08 |       1.00137e+06 |
| logs_produced |      1.18398e+08 |  999898           |


## Table: gh_actions_benchmark
  
**Description**: The final metrics used with gh_actions_benchmark.
  
| name                          | unit      |            value | extra                                                 |
|:------------------------------|:----------|-----------------:|:------------------------------------------------------|
| dropped_logs_percentage       | %         |     -1.35137     | DFE OTAP Baseline (Logs)/1000k - Dropped Logs %       |
| cpu_percentage_normalized_avg | %         |     27.2085      | DFE OTAP Baseline (Logs)/1000k - CPU % (Normalized)   |
| cpu_percentage_normalized_max | %         |     27.4244      | DFE OTAP Baseline (Logs)/1000k - CPU % (Normalized)   |
| ram_mib_avg                   | MiB       |     56.5143      | DFE OTAP Baseline (Logs)/1000k - RAM (MiB)            |
| ram_mib_max                   | MiB       |     57.0312      | DFE OTAP Baseline (Logs)/1000k - RAM (MiB)            |
| logs_produced_rate            | logs/sec  | 999898           | DFE OTAP Baseline (Logs)/1000k - Log Throughput       |
| logs_received_rate            | logs/sec  |      1.00137e+06 | DFE OTAP Baseline (Logs)/1000k - Log Throughput       |
| test_duration                 | seconds   |    120.001       | DFE OTAP Baseline (Logs)/1000k - Test Duration        |
| network_tx_bytes_rate_avg     | bytes/sec |      1.10538e+08 | DFE OTAP Baseline (Logs)/1000k - Network Utilization  |
| network_rx_bytes_rate_avg     | bytes/sec |      1.10516e+08 | DFE OTAP Baseline (Logs)/1000k - Network Utilization  |
| egress_bytes_per_log          | bytes/log |    110.386       | DFE OTAP Baseline (Logs)/1000k - Egress Bytes Per Log |



  Captured run env: .data/dfe_logs_otap_none_baseline/20260522_150126/run_env.json
  Environment:      INTEL(R) XEON(R) PLATINUM 8581C CPU @ 2.30GHz / x86_64 / 16 cores / 118 GiB / Debian GNU/Linux 12

Publishing results...
  Updated /home/jakedern/repos/otel-arrow-otap-opt/tools/comparison_dashboard/.site/data/suite/dfe_logs_otap_none_baseline/suite.yaml
  Updated /home/jakedern/repos/otel-arrow-otap-opt/tools/comparison_dashboard/.site/data/suite/dfe_logs_otap_none_baseline/run_env.json
  1000k: metrics.json from sql_report-df_engine_1000k_dfe_otap_baseline_logs-20260522_150427.json
  1000k: 5 files published
  Published to /home/jakedern/repos/otel-arrow-otap-opt/tools/comparison_dashboard/.site/data/suite/dfe_logs_otap_none_baseline
