Resolved 1 suite(s):
  - /home/jakedern/repos/otel-arrow-otap-opt/tools/comparison_dashboard/suites/dfe/dfe-logs-otap-none-compound.yaml
Publishing to: /home/jakedern/repos/otel-arrow-otap-opt/tools/comparison_dashboard/.site/data


############################################################
# [1/1] dfe-logs-otap-none-compound
############################################################

Suite:    DFE OTAP Logs compound (lowbatch + manyproc)
Slug:     dfe_logs_otap_none_compound
Binary:   dfe
File:     /home/jakedern/repos/otel-arrow-otap-opt/tools/comparison_dashboard/suites/dfe/dfe-logs-otap-none-compound.yaml
Template: ../pipeline_perf_test/test_suites/comparison_dashboard/templates/orchestrator/dfe-single-core-multi-rate.yaml
Staging:  .data/dfe_logs_otap_none_compound/20260522_161533

Rendering orchestrator config...
  Generated .data/dfe_logs_otap_none_compound/20260522_161533/orchestrator.yaml

============================================================
Running: /home/jakedern/repos/otel-arrow/.venv/bin/python ../pipeline_perf_test/orchestrator/run_orchestrator.py --config .data/dfe_logs_otap_none_compound/20260522_161533/orchestrator.yaml --tests 400k
Log:     .data/dfe_logs_otap_none_compound/20260522_161533/orchestrator.log
============================================================

[2026-05-22 16:15:34] INFO | ctx.type=- ctx.name=- | Starting Test: 400k
[2026-05-22 16:15:34] INFO | ctx.type=ScenarioContext ctx.name=400k | Running 14 test steps...
[2026-05-22 16:15:34] INFO | ctx.type=FrameworkElementHookContext ctx.name=RenderTemplateHook (pre_run) | Rendered template saved to .data/dfe_logs_otap_none_compound/20260522_161533/tests/400k/backend-config.rendered.yaml
[2026-05-22 16:15:34] INFO | ctx.type=StepContext ctx.name=Deploy Backend Engine | Executing main step action...
[2026-05-22 16:15:35] INFO | ctx.type=FrameworkElementHookContext ctx.name=ReadyCheckHttpHook (post_run) | Ready check passed on attempt 2
[2026-05-22 16:15:35] INFO | ctx.type=FrameworkElementHookContext ctx.name=RenderTemplateHook (pre_run) | Rendered template saved to .data/dfe_logs_otap_none_compound/20260522_161533/tests/400k/engine-config.rendered.yaml
[2026-05-22 16:15:35] INFO | ctx.type=StepContext ctx.name=Deploy Dataflow Engine | Executing main step action...
[2026-05-22 16:15:47] INFO | ctx.type=FrameworkElementHookContext ctx.name=ReadyCheckHttpHook (post_run) | Ready check passed on attempt 2
[2026-05-22 16:15:47] INFO | ctx.type=FrameworkElementHookContext ctx.name=RenderTemplateHook (pre_run) | Rendered template saved to .data/dfe_logs_otap_none_compound/20260522_161533/tests/400k/loadgen-config.rendered.yaml
[2026-05-22 16:15:47] INFO | ctx.type=StepContext ctx.name=Deploy Load Generator | Executing main step action...
[2026-05-22 16:15:48] INFO | ctx.type=FrameworkElementHookContext ctx.name=ReadyCheckHttpHook (post_run) | Ready check passed on attempt 2
[2026-05-22 16:15:48] INFO | ctx.type=StepContext ctx.name=Monitor All | Executing main step action...
[2026-05-22 16:15:48] INFO | ctx.type=StepContext ctx.name=Wait for data | Executing main step action...
[2026-05-22 16:15:58] INFO | ctx.type=StepContext ctx.name=Observe Load | Executing main step action...
[2026-05-22 16:16:09] ERROR | ctx.type=StepContext ctx.name=Monitor All | Error collecting stats for component load-generator: HTTPConnectionPool(host='localhost', port=8085): Max retries exceeded with url: /api/v1/telemetry/metrics?format=prometheus&reset=false (Caused by NewConnectionError("HTTPConnection(host='localhost', port=8085): Failed to establish a new connection: [Errno 111] Connection refused"))
[2026-05-22 16:16:09] ERROR | ctx.type=StepContext ctx.name=Monitor All | Unexpected error while monitoring backend-service (01e4976f93e9): Expecting value: line 1 column 1 (char 0)
[2026-05-22 16:16:09] ERROR | ctx.type=StepContext ctx.name=Monitor All | Unexpected error while monitoring load-generator (2bcf5f9f7e92): Expecting value: line 1 column 1 (char 0)
[2026-05-22 16:16:09] ERROR | ctx.type=StepContext ctx.name=Monitor All | Error collecting stats for component backend-service: HTTPConnectionPool(host='localhost', port=8087): Max retries exceeded with url: /api/v1/telemetry/metrics?format=prometheus&reset=false (Caused by NewConnectionError("HTTPConnection(host='localhost', port=8087): Failed to establish a new connection: [Errno 111] Connection refused"))
[2026-05-22 16:16:10] ERROR | ctx.type=StepContext ctx.name=Monitor All | Error collecting stats for component load-generator: HTTPConnectionPool(host='localhost', port=8085): Max retries exceeded with url: /api/v1/telemetry/metrics?format=prometheus&reset=false (Caused by NewConnectionError("HTTPConnection(host='localhost', port=8085): Failed to establish a new connection: [Errno 111] Connection refused"))
[2026-05-22 16:16:10] ERROR | ctx.type=StepContext ctx.name=Monitor All | Error collecting stats for component backend-service: ('Connection aborted.', ConnectionResetError(104, 'Connection reset by peer'))
[2026-05-22 16:16:11] ERROR | ctx.type=StepContext ctx.name=Monitor All | Error collecting stats for component load-generator: HTTPConnectionPool(host='localhost', port=8085): Max retries exceeded with url: /api/v1/telemetry/metrics?format=prometheus&reset=false (Caused by NewConnectionError("HTTPConnection(host='localhost', port=8085): Failed to establish a new connection: [Errno 111] Connection refused"))
[2026-05-22 16:16:12] ERROR | ctx.type=StepContext ctx.name=Monitor All | Error collecting stats for component load-generator: HTTPConnectionPool(host='localhost', port=8085): Max retries exceeded with url: /api/v1/telemetry/metrics?format=prometheus&reset=false (Caused by NewConnectionError("HTTPConnection(host='localhost', port=8085): Failed to establish a new connection: [Errno 111] Connection refused"))
[2026-05-22 16:16:13] ERROR | ctx.type=StepContext ctx.name=Monitor All | Error collecting stats for component load-generator: HTTPConnectionPool(host='localhost', port=8085): Max retries exceeded with url: /api/v1/telemetry/metrics?format=prometheus&reset=false (Caused by NewConnectionError("HTTPConnection(host='localhost', port=8085): Failed to establish a new connection: [Errno 111] Connection refused"))
[2026-05-22 16:16:14] ERROR | ctx.type=StepContext ctx.name=Monitor All | Error collecting stats for component load-generator: HTTPConnectionPool(host='localhost', port=8085): Max retries exceeded with url: /api/v1/telemetry/metrics?format=prometheus&reset=false (Caused by NewConnectionError("HTTPConnection(host='localhost', port=8085): Failed to establish a new connection: [Errno 111] Connection refused"))
[2026-05-22 16:16:15] ERROR | ctx.type=StepContext ctx.name=Monitor All | Error collecting stats for component load-generator: HTTPConnectionPool(host='localhost', port=8085): Max retries exceeded with url: /api/v1/telemetry/metrics?format=prometheus&reset=false (Caused by NewConnectionError("HTTPConnection(host='localhost', port=8085): Failed to establish a new connection: [Errno 111] Connection refused"))
[2026-05-22 16:16:16] ERROR | ctx.type=StepContext ctx.name=Monitor All | Error collecting stats for component load-generator: HTTPConnectionPool(host='localhost', port=8085): Max retries exceeded with url: /api/v1/telemetry/metrics?format=prometheus&reset=false (Caused by NewConnectionError("HTTPConnection(host='localhost', port=8085): Failed to establish a new connection: [Errno 111] Connection refused"))
[2026-05-22 16:16:17] ERROR | ctx.type=StepContext ctx.name=Monitor All | Error collecting stats for component load-generator: HTTPConnectionPool(host='localhost', port=8085): Max retries exceeded with url: /api/v1/telemetry/metrics?format=prometheus&reset=false (Caused by NewConnectionError("HTTPConnection(host='localhost', port=8085): Failed to establish a new connection: [Errno 111] Connection refused"))
[2026-05-22 16:16:18] ERROR | ctx.type=StepContext ctx.name=Monitor All | Error collecting stats for component load-generator: HTTPConnectionPool(host='localhost', port=8085): Max retries exceeded with url: /api/v1/telemetry/metrics?format=prometheus&reset=false (Caused by NewConnectionError("HTTPConnection(host='localhost', port=8085): Failed to establish a new connection: [Errno 111] Connection refused"))
[2026-05-22 16:16:19] ERROR | ctx.type=StepContext ctx.name=Monitor All | Error collecting stats for component load-generator: HTTPConnectionPool(host='localhost', port=8085): Max retries exceeded with url: /api/v1/telemetry/metrics?format=prometheus&reset=false (Caused by NewConnectionError("HTTPConnection(host='localhost', port=8085): Failed to establish a new connection: [Errno 111] Connection refused"))
[2026-05-22 16:16:20] ERROR | ctx.type=StepContext ctx.name=Monitor All | Error collecting stats for component load-generator: HTTPConnectionPool(host='localhost', port=8085): Max retries exceeded with url: /api/v1/telemetry/metrics?format=prometheus&reset=false (Caused by NewConnectionError("HTTPConnection(host='localhost', port=8085): Failed to establish a new connection: [Errno 111] Connection refused"))
[2026-05-22 16:16:21] ERROR | ctx.type=StepContext ctx.name=Monitor All | Error collecting stats for component load-generator: HTTPConnectionPool(host='localhost', port=8085): Max retries exceeded with url: /api/v1/telemetry/metrics?format=prometheus&reset=false (Caused by NewConnectionError("HTTPConnection(host='localhost', port=8085): Failed to establish a new connection: [Errno 111] Connection refused"))
[2026-05-22 16:16:22] ERROR | ctx.type=StepContext ctx.name=Monitor All | Unexpected error while monitoring df-engine (8f8113f13cd3): Expecting value: line 1 column 1 (char 0)
[2026-05-22 16:16:22] ERROR | ctx.type=StepContext ctx.name=Monitor All | Error collecting stats for component load-generator: HTTPConnectionPool(host='localhost', port=8085): Max retries exceeded with url: /api/v1/telemetry/metrics?format=prometheus&reset=false (Caused by NewConnectionError("HTTPConnection(host='localhost', port=8085): Failed to establish a new connection: [Errno 111] Connection refused"))
[2026-05-22 16:16:22] ERROR | ctx.type=StepContext ctx.name=Monitor All | Error collecting stats for component df-engine: HTTPConnectionPool(host='localhost', port=8086): Max retries exceeded with url: /api/v1/telemetry/metrics?format=prometheus&reset=false (Caused by NewConnectionError("HTTPConnection(host='localhost', port=8086): Failed to establish a new connection: [Errno 111] Connection refused"))
[2026-05-22 16:16:23] ERROR | ctx.type=StepContext ctx.name=Monitor All | Error collecting stats for component load-generator: HTTPConnectionPool(host='localhost', port=8085): Max retries exceeded with url: /api/v1/telemetry/metrics?format=prometheus&reset=false (Caused by NewConnectionError("HTTPConnection(host='localhost', port=8085): Failed to establish a new connection: [Errno 111] Connection refused"))
[2026-05-22 16:16:58] INFO | ctx.type=StepContext ctx.name=Wait Before Drain | Executing main step action...
[2026-05-22 16:17:08] INFO | ctx.type=StepContext ctx.name=Stop Load Generator | Executing main step action...
[2026-05-22 16:17:08] INFO | ctx.type=StepContext ctx.name=Stop Engine | Executing main step action...
[2026-05-22 16:17:08] INFO | ctx.type=StepContext ctx.name=Stop Backend | Executing main step action...
[2026-05-22 16:17:08] INFO | ctx.type=StepContext ctx.name=Wait For Metrics Update | Executing main step action...
[2026-05-22 16:17:09] INFO | ctx.type=StepContext ctx.name=Stop Monitoring All | Executing main step action...
[2026-05-22 16:17:11] INFO | ctx.type=StepContext ctx.name=Destroy All | Executing main step action...
[2026-05-22 16:17:11] ERROR | ctx.type=StepContext ctx.name=Destroy All | Error getting Docker container logs: 404 Client Error for http+docker://localhost/v1.54/containers/2bcf5f9f7e929d9c63bf79b08c8156afafa43dddc624f94b106a23c65c43c6b6/json: Not Found ("No such container: 2bcf5f9f7e929d9c63bf79b08c8156afafa43dddc624f94b106a23c65c43c6b6")
[2026-05-22 16:17:11] ERROR | ctx.type=ScenarioContext ctx.name=400k | Error: Test Step: Destroy All failed: 404 Client Error for http+docker://localhost/v1.54/containers/2bcf5f9f7e929d9c63bf79b08c8156afafa43dddc624f94b106a23c65c43c6b6/json: Not Found ("No such container: 2bcf5f9f7e929d9c63bf79b08c8156afafa43dddc624f94b106a23c65c43c6b6")
[2026-05-22 16:17:11] INFO | ctx.type=ScenarioContext ctx.name=400k | Continuing remaining steps for diagnostics...
[2026-05-22 16:17:11] INFO | ctx.type=StepContext ctx.name=Run Report | Executing main step action...
[2026-05-22 16:17:15] ERROR | ctx.type=- ctx.name=- | Test 400k failed 404 Client Error for http+docker://localhost/v1.54/containers/2bcf5f9f7e929d9c63bf79b08c8156afafa43dddc624f94b106a23c65c43c6b6/json: Not Found ("No such container: 2bcf5f9f7e929d9c63bf79b08c8156afafa43dddc624f94b106a23c65c43c6b6")

================================================================================
DOCKER CONTAINER LOGS
================================================================================

No container logs found.

================================================================================
END OF CONTAINER LOGS
================================================================================

# DF Engine 400k - DFE OTAP Logs compound (lowbatch + manyproc)

## Table: metadata_filtered
  
**Description**: Information about the test suite and report.
  
| Attribute        | Value                                                         |
|:-----------------|:--------------------------------------------------------------|
| test.suite.start | 2026-05-22T16:15:34.196892+00:00                              |
| test.suite       | DFE OTAP Logs compound (lowbatch + manyproc)                  |
| test.step        | Run Report                                                    |
| test.start       | 2026-05-22T16:15:34.197769+00:00                              |
| test.name        | 400k                                                          |
| report.type      | sql_report                                                    |
| report.time      | 2026-05-22T16:17:11.658629+00:00                              |
| report.name      | DF Engine 400k - DFE OTAP Logs compound (lowbatch + manyproc) |
| code.sha         | 60f251825b8a2022b3c3373761eb6b55f9a30da0                      |
| code.dirty       | True                                                          |
| code.branch      | otap-pdata-opt-bench                                          |


## Table: send_receive_rates_by_core
  
**Description**: Core Specific increase and average rate of various send / receive metrics
  
| component_name   | metric_name   |   core_id |   total_increase |   average_rate |
|:-----------------|:--------------|----------:|-----------------:|---------------:|
| backend-service  | logs          |         1 |           978720 |        8770.36 |
| load-generator   | logs_produced |         2 |           230880 |        1779.3  |
| load-generator   | logs_produced |         3 |           231968 |        1874.83 |
| load-generator   | logs_produced |         4 |           234688 |        1782.3  |
| load-generator   | logs_produced |         5 |           234720 |        1782.84 |


## Table: aggregate_send_receive_rates
  
**Description**: Cumulative increase and average rate of various send / receive metrics
  
| component_name   | metric_name   |   total_increase |   average_rate |
|:-----------------|:--------------|-----------------:|---------------:|
| load-generator   | logs_produced |           932256 |        7219.28 |
| backend-service  | logs          |           978720 |        8770.36 |


## Table: component_resource_metrics
  
**Description**: CPU and Memory metrics for the components in the Test Suite during the test.
  
| component_name   | metric_name            |   min_value |   avg_value |   max_value |
|:-----------------|:-----------------------|------------:|------------:|------------:|
| load-generator   | container.memory.usage | 2.31522e+08 | 3.67434e+08 | 5.07068e+08 |
| load-generator   | container.cpu.usage    | 0.000189822 | 0.181524    | 0.287375    |
| df-engine        | container.cpu.usage    | 0.000162847 | 0.043282    | 0.131038    |
| df-engine        | container.memory.usage | 7.31587e+07 | 7.68358e+07 | 8.45046e+07 |
| backend-service  | container.memory.usage | 4.61783e+07 | 4.62184e+07 | 4.62848e+07 |
| backend-service  | container.cpu.usage    | 0.000566054 | 0.0216002   | 0.0342727   |


## Table: log_loss
  
**Description**: Lost logs (failed or sent but not received) total and as a percentage
  
|   logs_lost |   logs_lost_pct |
|------------:|----------------:|
|      -46464 |      -0.0498404 |


## Table: log_throughput_rates
  
**Description**: Log throughput rates (logs/sec) calculated from total counts and observation window duration
  
| metric_name   |   total_increase |   logs_per_second |
|:--------------|-----------------:|------------------:|
| logs_produced |           932256 |           15884   |
| logs          |           978720 |           16589.8 |


## Table: gh_actions_benchmark
  
**Description**: The final metrics used with gh_actions_benchmark.
  
| name                          | unit      |           value | extra                                                                    |
|:------------------------------|:----------|----------------:|:-------------------------------------------------------------------------|
| dropped_logs_percentage       | %         |    -4.98404     | DFE OTAP Logs compound (lowbatch + manyproc)/400k - Dropped Logs %       |
| cpu_percentage_normalized_avg | %         |     4.3282      | DFE OTAP Logs compound (lowbatch + manyproc)/400k - CPU % (Normalized)   |
| cpu_percentage_normalized_max | %         |    13.1038      | DFE OTAP Logs compound (lowbatch + manyproc)/400k - CPU % (Normalized)   |
| ram_mib_avg                   | MiB       |    73.2764      | DFE OTAP Logs compound (lowbatch + manyproc)/400k - RAM (MiB)            |
| ram_mib_max                   | MiB       |    80.5898      | DFE OTAP Logs compound (lowbatch + manyproc)/400k - RAM (MiB)            |
| logs_produced_rate            | logs/sec  | 15884           | DFE OTAP Logs compound (lowbatch + manyproc)/400k - Log Throughput       |
| logs_received_rate            | logs/sec  | 16589.8         | DFE OTAP Logs compound (lowbatch + manyproc)/400k - Log Throughput       |
| test_duration                 | seconds   |    60.0007      | DFE OTAP Logs compound (lowbatch + manyproc)/400k - Test Duration        |
| network_tx_bytes_rate_avg     | bytes/sec |     4.69817e+06 | DFE OTAP Logs compound (lowbatch + manyproc)/400k - Network Utilization  |
| network_rx_bytes_rate_avg     | bytes/sec |     4.46546e+06 | DFE OTAP Logs compound (lowbatch + manyproc)/400k - Network Utilization  |
| egress_bytes_per_log          | bytes/log |   283.196       | DFE OTAP Logs compound (lowbatch + manyproc)/400k - Egress Bytes Per Log |



Traceback (most recent call last):
  File "/home/jakedern/repos/otel-arrow/.venv/lib/python3.11/site-packages/docker/api/client.py", line 275, in _raise_for_status
    response.raise_for_status()
  File "/home/jakedern/repos/otel-arrow/.venv/lib/python3.11/site-packages/requests/models.py", line 1028, in raise_for_status
    raise HTTPError(http_error_msg, response=self)
requests.exceptions.HTTPError: 404 Client Error: Not Found for url: http+docker://localhost/v1.54/containers/2bcf5f9f7e929d9c63bf79b08c8156afafa43dddc624f94b106a23c65c43c6b6/json

The above exception was the direct cause of the following exception:

Traceback (most recent call last):
  File "/home/jakedern/repos/otel-arrow-otap-opt/tools/comparison_dashboard/../pipeline_perf_test/orchestrator/run_orchestrator.py", line 22, in <module>
    main()
  File "/home/jakedern/repos/otel-arrow-otap-opt/tools/pipeline_perf_test/orchestrator/lib/cli/main.py", line 52, in main
    ts.run()
  File "/home/jakedern/repos/otel-arrow-otap-opt/tools/pipeline_perf_test/orchestrator/lib/core/framework/suite.py", line 98, in run
    test_definition.run(test_execution_context)
  File "/home/jakedern/repos/otel-arrow-otap-opt/tools/pipeline_perf_test/orchestrator/lib/core/framework/scenario.py", line 96, in run
    raise first_error
  File "/home/jakedern/repos/otel-arrow-otap-opt/tools/pipeline_perf_test/orchestrator/lib/core/framework/scenario.py", line 73, in run
    step.run(step_ctx)
  File "/home/jakedern/repos/otel-arrow-otap-opt/tools/pipeline_perf_test/orchestrator/lib/core/framework/step.py", line 116, in run
    self.action.execute(ctx)
  File "/home/jakedern/repos/otel-arrow-otap-opt/tools/pipeline_perf_test/orchestrator/lib/impl/actions/multi_component_action.py", line 147, in execute
    method(ctx)
  File "/home/jakedern/repos/otel-arrow-otap-opt/tools/pipeline_perf_test/orchestrator/lib/core/component/component.py", line 296, in destroy
    return self._with_span(
           ^^^^^^^^^^^^^^^^
  File "/home/jakedern/repos/otel-arrow-otap-opt/tools/pipeline_perf_test/orchestrator/lib/core/component/component.py", line 195, in _with_span
    res = callable_fn(*args, **kwargs)
          ^^^^^^^^^^^^^^^^^^^^^^^^^^^^
  File "/home/jakedern/repos/otel-arrow-otap-opt/tools/pipeline_perf_test/orchestrator/lib/impl/component/managed_component.py", line 294, in _destroy
    self._with_span(
  File "/home/jakedern/repos/otel-arrow-otap-opt/tools/pipeline_perf_test/orchestrator/lib/core/component/component.py", line 195, in _with_span
    res = callable_fn(*args, **kwargs)
          ^^^^^^^^^^^^^^^^^^^^^^^^^^^^
  File "/home/jakedern/repos/otel-arrow-otap-opt/tools/pipeline_perf_test/orchestrator/lib/impl/component/managed_component.py", line 295, in <lambda>
    ctx, "deployment.stop", lambda: self.deployment.stop(self, ctx)
                                    ^^^^^^^^^^^^^^^^^^^^^^^^^^^^^^^
  File "/home/jakedern/repos/otel-arrow-otap-opt/tools/pipeline_perf_test/orchestrator/lib/impl/strategies/deployment/docker.py", line 272, in stop
    get_container_logs(ctx, client, runtime, component)
  File "/home/jakedern/repos/otel-arrow-otap-opt/tools/pipeline_perf_test/orchestrator/lib/impl/strategies/common/docker.py", line 156, in get_container_logs
    container = client.containers.get(runtime.container_id)
                ^^^^^^^^^^^^^^^^^^^^^^^^^^^^^^^^^^^^^^^^^^^
  File "/home/jakedern/repos/otel-arrow/.venv/lib/python3.11/site-packages/docker/models/containers.py", line 954, in get
    resp = self.client.api.inspect_container(container_id)
           ^^^^^^^^^^^^^^^^^^^^^^^^^^^^^^^^^^^^^^^^^^^^^^^
  File "/home/jakedern/repos/otel-arrow/.venv/lib/python3.11/site-packages/docker/utils/decorators.py", line 19, in wrapped
    return f(self, resource_id, *args, **kwargs)
           ^^^^^^^^^^^^^^^^^^^^^^^^^^^^^^^^^^^^^
  File "/home/jakedern/repos/otel-arrow/.venv/lib/python3.11/site-packages/docker/api/container.py", line 793, in inspect_container
    return self._result(
           ^^^^^^^^^^^^^
  File "/home/jakedern/repos/otel-arrow/.venv/lib/python3.11/site-packages/docker/api/client.py", line 281, in _result
    self._raise_for_status(response)
  File "/home/jakedern/repos/otel-arrow/.venv/lib/python3.11/site-packages/docker/api/client.py", line 277, in _raise_for_status
    raise create_api_error_from_http_exception(e) from e
          ^^^^^^^^^^^^^^^^^^^^^^^^^^^^^^^^^^^^^^^
  File "/home/jakedern/repos/otel-arrow/.venv/lib/python3.11/site-packages/docker/errors.py", line 39, in create_api_error_from_http_exception
    raise cls(e, response=response, explanation=explanation) from e
docker.errors.NotFound: 404 Client Error for http+docker://localhost/v1.54/containers/2bcf5f9f7e929d9c63bf79b08c8156afafa43dddc624f94b106a23c65c43c6b6/json: Not Found ("No such container: 2bcf5f9f7e929d9c63bf79b08c8156afafa43dddc624f94b106a23c65c43c6b6")

Error: orchestrator exited with code 1
Full log: .data/dfe_logs_otap_none_compound/20260522_161533/orchestrator.log
