Resolved 1 suite(s):
  - /home/jakedern/repos/otel-arrow-otap-opt/tools/comparison_dashboard/suites/dfe/dfe-metrics-otap-none-manyproc.yaml
Publishing to: /home/jakedern/repos/otel-arrow-otap-opt/tools/comparison_dashboard/.site/data


############################################################
# [1/1] dfe-metrics-otap-none-manyproc
############################################################

Suite:    DFE OTAP Metrics (many processors)
Slug:     dfe_metrics_otap_none_manyproc
Binary:   dfe
File:     /home/jakedern/repos/otel-arrow-otap-opt/tools/comparison_dashboard/suites/dfe/dfe-metrics-otap-none-manyproc.yaml
Template: ../pipeline_perf_test/test_suites/comparison_dashboard/templates/orchestrator/dfe-single-core-multi-rate.yaml
Staging:  .data/dfe_metrics_otap_none_manyproc/20260522_150456

Rendering orchestrator config...
  Generated .data/dfe_metrics_otap_none_manyproc/20260522_150456/orchestrator.yaml

============================================================
Running: /home/jakedern/repos/otel-arrow/.venv/bin/python ../pipeline_perf_test/orchestrator/run_orchestrator.py --config .data/dfe_metrics_otap_none_manyproc/20260522_150456/orchestrator.yaml --tests 1000k
Log:     .data/dfe_metrics_otap_none_manyproc/20260522_150456/orchestrator.log
============================================================

[2026-05-22 15:04:57] INFO | ctx.type=- ctx.name=- | Starting Test: 1000k
[2026-05-22 15:04:57] INFO | ctx.type=ScenarioContext ctx.name=1000k | Running 14 test steps...
[2026-05-22 15:04:57] INFO | ctx.type=FrameworkElementHookContext ctx.name=RenderTemplateHook (pre_run) | Rendered template saved to .data/dfe_metrics_otap_none_manyproc/20260522_150456/tests/1000k/backend-config.rendered.yaml
[2026-05-22 15:04:57] INFO | ctx.type=StepContext ctx.name=Deploy Backend Engine | Executing main step action...
[2026-05-22 15:04:58] INFO | ctx.type=FrameworkElementHookContext ctx.name=ReadyCheckHttpHook (post_run) | Ready check passed on attempt 2
[2026-05-22 15:04:58] INFO | ctx.type=FrameworkElementHookContext ctx.name=RenderTemplateHook (pre_run) | Rendered template saved to .data/dfe_metrics_otap_none_manyproc/20260522_150456/tests/1000k/engine-config.rendered.yaml
[2026-05-22 15:04:58] INFO | ctx.type=StepContext ctx.name=Deploy Dataflow Engine | Executing main step action...
[2026-05-22 15:04:59] INFO | ctx.type=FrameworkElementHookContext ctx.name=ReadyCheckHttpHook (post_run) | Ready check passed on attempt 2
[2026-05-22 15:04:59] INFO | ctx.type=FrameworkElementHookContext ctx.name=RenderTemplateHook (pre_run) | Rendered template saved to .data/dfe_metrics_otap_none_manyproc/20260522_150456/tests/1000k/loadgen-config.rendered.yaml
[2026-05-22 15:04:59] INFO | ctx.type=StepContext ctx.name=Deploy Load Generator | Executing main step action...
[2026-05-22 15:05:01] INFO | ctx.type=FrameworkElementHookContext ctx.name=ReadyCheckHttpHook (post_run) | Ready check passed on attempt 2
[2026-05-22 15:05:01] INFO | ctx.type=StepContext ctx.name=Monitor All | Executing main step action...
[2026-05-22 15:05:01] INFO | ctx.type=StepContext ctx.name=Wait for data | Executing main step action...
[2026-05-22 15:05:11] INFO | ctx.type=StepContext ctx.name=Observe Load | Executing main step action...
[2026-05-22 15:07:11] INFO | ctx.type=StepContext ctx.name=Wait Before Drain | Executing main step action...
[2026-05-22 15:07:21] INFO | ctx.type=StepContext ctx.name=Stop Load Generator | Executing main step action...
[2026-05-22 15:07:21] INFO | ctx.type=StepContext ctx.name=Stop Engine | Executing main step action...
[2026-05-22 15:07:21] INFO | ctx.type=StepContext ctx.name=Stop Backend | Executing main step action...
[2026-05-22 15:07:21] INFO | ctx.type=StepContext ctx.name=Wait For Metrics Update | Executing main step action...
[2026-05-22 15:07:22] INFO | ctx.type=StepContext ctx.name=Stop Monitoring All | Executing main step action...
[2026-05-22 15:07:28] INFO | ctx.type=StepContext ctx.name=Destroy All | Executing main step action...
[2026-05-22 15:07:59] INFO | ctx.type=StepContext ctx.name=Run Report | Executing main step action...

================================================================================
DOCKER CONTAINER LOGS
================================================================================

================================================================================
Component: load-generator
Container ID: 3a3a2ce842599dc457cdaf4a59fbd775f65b6c1fae0cfc26d6c5a0b627a8da2e
================================================================================
System Information:
  Available CPU cores: 32
  Available memory: 112.85 GB / 117.92 GB
  Build mode: release
  Memory allocator: jemalloc

Available Component URNs:
  Receivers: urn:otel:receiver:host_metrics, urn:otel:receiver:internal_telemetry, urn:otel:receiver:otap, urn:otel:receiver:otlp, urn:otel:receiver:syslog_cef, urn:otel:receiver:topic, urn:otel:receiver:traffic_generator
  Processors: urn:otel:processor:attribute, urn:otel:processor:batch, urn:otel:processor:content_router, urn:otel:processor:debug, urn:otel:processor:delay, urn:otel:processor:durable_buffer, urn:otel:processor:fanout, urn:otel:processor:filter, urn:otel:processor:log_sampling, urn:otel:processor:retry, urn:otel:processor:temporal_reaggregation, urn:otel:processor:transform, urn:otel:processor:type_router
  Exporters: urn:otel:exporter:console, urn:otel:exporter:error, urn:otel:exporter:noop, urn:otel:exporter:otap, urn:otel:exporter:otlp_grpc, urn:otel:exporter:otlp_http, urn:otel:exporter:parquet, urn:otel:exporter:perf, urn:otel:exporter:topic

Example configuration files can be found in the configs/ directory.
[2m2026-05-22T15:05:00.260Z[0m  [32mINFO [0m [1motap-df-controller::pipeline.core_allocation[0m: [pipeline_group_id=default, pipeline_id=main, num_cores=10, core_allocation=2-11]
[2m2026-05-22T15:05:00.267Z[0m  [32mINFO [0m [1motap-df-core-nodes::otap_exporter.start[0m: Starting OTAP Exporter [grpc_endpoint=http://df-engine:4317][35m entity/node.attrs: node.id=exporter node.urn=urn:otel:exporter:otap node.type=exporter pipeline.id=main pipeline.group.id=default deployment.generation=0 core.id=3 numa.node.id=0 process.instance.id=AGPFAN7CMR7OFJ76PDL5VJQ3RY host.id=3a3a2ce84259 container.id=[0m
[2m2026-05-22T15:05:00.267Z[0m  [32mINFO [0m [1motap-df-core-nodes::otap_exporter.start[0m: Starting OTAP Exporter [grpc_endpoint=http://df-engine:4317][35m entity/node.attrs: node.id=exporter node.urn=urn:otel:exporter:otap node.type=exporter pipeline.id=main pipeline.group.id=default deployment.generation=0 core.id=2 numa.node.id=0 process.instance.id=AGPFAN7CMR7OFJ76PDL5VJQ3RY host.id=3a3a2ce84259 container.id=[0m
[2m2026-05-22T15:05:00.267Z[0m  [32mINFO [0m [1motap-df-core-nodes::otap_exporter.start[0m: Starting OTAP Exporter [grpc_endpoint=http://df-engine:4317][35m entity/node.attrs: node.id=exporter node.urn=urn:otel:exporter:otap node.type=exporter pipeline.id=main pipeline.group.id=default deployment.generation=0 core.id=4 numa.node.id=0 process.instance.id=AGPFAN7CMR7OFJ76PDL5VJQ3RY host.id=3a3a2ce84259 container.id=[0m
[2m2026-05-22T15:05:00.267Z[0m  [32mINFO [0m [1motap-df-core-nodes::otap_exporter.start[0m: Starting OTAP Exporter [grpc_endpoint=http://df-engine:4317][35m entity/node.attrs: node.id=exporter node.urn=urn:otel:exporter:otap node.type=exporter pipeline.id=main pipeline.group.id=default deployment.generation=0 core.id=5 numa.node.id=0 process.instance.id=AGPFAN7CMR7OFJ76PDL5VJQ3RY host.id=3a3a2ce84259 container.id=[0m
[2m2026-05-22T15:05:00.267Z[0m  [32mINFO [0m [1motap-df-core-nodes::otap_exporter.start[0m: Starting OTAP Exporter [grpc_endpoint=http://df-engine:4317][35m entity/node.attrs: node.id=exporter node.urn=urn:otel:exporter:otap node.type=exporter pipeline.id=main pipeline.group.id=default deployment.generation=0 core.id=6 numa.node.id=0 process.instance.id=AGPFAN7CMR7OFJ76PDL5VJQ3RY host.id=3a3a2ce84259 container.id=[0m
[2m2026-05-22T15:05:00.268Z[0m  [32mINFO [0m [1motap-df-core-nodes::otap_exporter.start[0m: Starting OTAP Exporter [grpc_endpoint=http://df-engine:4317][35m entity/node.attrs: node.id=exporter node.urn=urn:otel:exporter:otap node.type=exporter pipeline.id=main pipeline.group.id=default deployment.generation=0 core.id=9 numa.node.id=0 process.instance.id=AGPFAN7CMR7OFJ76PDL5VJQ3RY host.id=3a3a2ce84259 container.id=[0m
[2m2026-05-22T15:05:00.268Z[0m  [32mINFO [0m [1motap-df-core-nodes::otap_exporter.start[0m: Starting OTAP Exporter [grpc_endpoint=http://df-engine:4317][35m entity/node.attrs: node.id=exporter node.urn=urn:otel:exporter:otap node.type=exporter pipeline.id=main pipeline.group.id=default deployment.generation=0 core.id=7 numa.node.id=0 process.instance.id=AGPFAN7CMR7OFJ76PDL5VJQ3RY host.id=3a3a2ce84259 container.id=[0m
[2m2026-05-22T15:05:00.268Z[0m  [32mINFO [0m [1motap-df-core-nodes::otap_exporter.start[0m: Starting OTAP Exporter [grpc_endpoint=http://df-engine:4317][35m entity/node.attrs: node.id=exporter node.urn=urn:otel:exporter:otap node.type=exporter pipeline.id=main pipeline.group.id=default deployment.generation=0 core.id=8 numa.node.id=0 process.instance.id=AGPFAN7CMR7OFJ76PDL5VJQ3RY host.id=3a3a2ce84259 container.id=[0m
[2m2026-05-22T15:05:00.269Z[0m  [32mINFO [0m [1motap-df-core-nodes::otap_exporter.start[0m: Starting OTAP Exporter [grpc_endpoint=http://df-engine:4317][35m entity/node.attrs: node.id=exporter node.urn=urn:otel:exporter:otap node.type=exporter pipeline.id=main pipeline.group.id=default deployment.generation=0 core.id=10 numa.node.id=0 process.instance.id=AGPFAN7CMR7OFJ76PDL5VJQ3RY host.id=3a3a2ce84259 container.id=[0m
[2m2026-05-22T15:05:00.270Z[0m  [32mINFO [0m [1motap-df-core-nodes::otap_exporter.start[0m: Starting OTAP Exporter [grpc_endpoint=http://df-engine:4317][35m entity/node.attrs: node.id=exporter node.urn=urn:otel:exporter:otap node.type=exporter pipeline.id=main pipeline.group.id=default deployment.generation=0 core.id=11 numa.node.id=0 process.instance.id=AGPFAN7CMR7OFJ76PDL5VJQ3RY host.id=3a3a2ce84259 container.id=[0m
[2m2026-05-22T15:05:00.270Z[0m  [32mINFO [0m [1motap-df-admin::endpoint.start[0m: Admin HTTP server listening [bind_address=0.0.0.0:8080][35m[0m
[2m2026-05-22T15:07:21.243Z[0m  [32mINFO [0m [1motap-df-admin::shutdown.requested[0m: [wait=true, timeout_secs=5][35m[0m
[2m2026-05-22T15:07:21.243Z[0m  [32mINFO [0m [1motap-df-admin::shutdown.blocking_wait[0m: [timeout_secs=5][35m[0m
[2m2026-05-22T15:07:21.243Z[0m  [32mINFO [0m [1motap-df-state::state.observed_event[0m: global shutdown [pipeline_group_id=default, pipeline_id=main, core_id=2, event_type=ShutdownRequested][35m[0m
[2m2026-05-22T15:07:21.243Z[0m  [32mINFO [0m [1motap-df-state::state.observed_event[0m: global shutdown [pipeline_group_id=default, pipeline_id=main, core_id=8, event_type=ShutdownRequested][35m[0m
[2m2026-05-22T15:07:21.243Z[0m  [32mINFO [0m [1motap-df-state::state.observed_event[0m: global shutdown [pipeline_group_id=default, pipeline_id=main, core_id=3, event_type=ShutdownRequested][35m[0m
[2m2026-05-22T15:07:21.243Z[0m  [32mINFO [0m [1motap-df-state::state.observed_event[0m: global shutdown [pipeline_group_id=default, pipeline_id=main, core_id=9, event_type=ShutdownRequested][35m[0m
[2m2026-05-22T15:07:21.243Z[0m  [32mINFO [0m [1motap-df-state::state.observed_event[0m: global shutdown [pipeline_group_id=default, pipeline_id=main, core_id=10, event_type=ShutdownRequested][35m[0m
[2m2026-05-22T15:07:21.243Z[0m  [32mINFO [0m [1motap-df-state::state.observed_event[0m: global shutdown [pipeline_group_id=default, pipeline_id=main, core_id=11, event_type=ShutdownRequested][35m[0m
[2m2026-05-22T15:07:21.243Z[0m  [32mINFO [0m [1motap-df-state::state.observed_event[0m: global shutdown [pipeline_group_id=default, pipeline_id=main, core_id=4, event_type=ShutdownRequested][35m[0m
[2m2026-05-22T15:07:21.243Z[0m  [32mINFO [0m [1motap-df-core-nodes::traffic_generator.drain_ingress[0m[35m entity/node.attrs: node.id=receiver node.urn=urn:otel:receiver:traffic_generator node.type=receiver pipeline.id=main pipeline.group.id=default deployment.generation=0 core.id=2 numa.node.id=0 process.instance.id=AGPFAN7CMR7OFJ76PDL5VJQ3RY host.id=3a3a2ce84259 container.id=[0m
[2m2026-05-22T15:07:21.243Z[0m  [32mINFO [0m [1motap-df-core-nodes::traffic_generator.drain_ingress[0m[35m entity/node.attrs: node.id=receiver node.urn=urn:otel:receiver:traffic_generator node.type=receiver pipeline.id=main pipeline.group.id=default deployment.generation=0 core.id=9 numa.node.id=0 process.instance.id=AGPFAN7CMR7OFJ76PDL5VJQ3RY host.id=3a3a2ce84259 container.id=[0m
[2m2026-05-22T15:07:21.243Z[0m  [32mINFO [0m [1motap-df-core-nodes::traffic_generator.drain_ingress[0m[35m entity/node.attrs: node.id=receiver node.urn=urn:otel:receiver:traffic_generator node.type=receiver pipeline.id=main pipeline.group.id=default deployment.generation=0 core.id=3 numa.node.id=0 process.instance.id=AGPFAN7CMR7OFJ76PDL5VJQ3RY host.id=3a3a2ce84259 container.id=[0m
[2m2026-05-22T15:07:21.243Z[0m  [32mINFO [0m [1motap-df-core-nodes::traffic_generator.drain_ingress[0m[35m entity/node.attrs: node.id=receiver node.urn=urn:otel:receiver:traffic_generator node.type=receiver pipeline.id=main pipeline.group.id=default deployment.generation=0 core.id=8 numa.node.id=0 process.instance.id=AGPFAN7CMR7OFJ76PDL5VJQ3RY host.id=3a3a2ce84259 container.id=[0m
[2m2026-05-22T15:07:21.243Z[0m  [32mINFO [0m [1motap-df-core-nodes::traffic_generator.drain_ingress[0m[35m entity/node.attrs: node.id=receiver node.urn=urn:otel:receiver:traffic_generator node.type=receiver pipeline.id=main pipeline.group.id=default deployment.generation=0 core.id=10 numa.node.id=0 process.instance.id=AGPFAN7CMR7OFJ76PDL5VJQ3RY host.id=3a3a2ce84259 container.id=[0m
[2m2026-05-22T15:07:21.243Z[0m  [32mINFO [0m [1motap-df-core-nodes::traffic_generator.drain_ingress[0m[35m entity/node.attrs: node.id=receiver node.urn=urn:otel:receiver:traffic_generator node.type=receiver pipeline.id=main pipeline.group.id=default deployment.generation=0 core.id=11 numa.node.id=0 process.instance.id=AGPFAN7CMR7OFJ76PDL5VJQ3RY host.id=3a3a2ce84259 container.id=[0m
[2m2026-05-22T15:07:21.243Z[0m  [32mINFO [0m [1motap-df-core-nodes::traffic_generator.drain_ingress[0m[35m entity/node.attrs: node.id=receiver node.urn=urn:otel:receiver:traffic_generator node.type=receiver pipeline.id=main pipeline.group.id=default deployment.generation=0 core.id=4 numa.node.id=0 process.instance.id=AGPFAN7CMR7OFJ76PDL5VJQ3RY host.id=3a3a2ce84259 container.id=[0m
[2m2026-05-22T15:07:21.244Z[0m  [32mINFO [0m [1motap-df-state::state.observed_event[0m: global shutdown [pipeline_group_id=default, pipeline_id=main, core_id=5, event_type=ShutdownRequested][35m[0m
[2m2026-05-22T15:07:21.244Z[0m  [32mINFO [0m [1motap-df-state::state.observed_event[0m: global shutdown [pipeline_group_id=default, pipeline_id=main, core_id=7, event_type=ShutdownRequested][35m[0m
[2m2026-05-22T15:07:21.244Z[0m  [32mINFO [0m [1motap-df-core-nodes::traffic_generator.drain_ingress[0m[35m entity/node.attrs: node.id=receiver node.urn=urn:otel:receiver:traffic_generator node.type=receiver pipeline.id=main pipeline.group.id=default deployment.generation=0 core.id=7 numa.node.id=0 process.instance.id=AGPFAN7CMR7OFJ76PDL5VJQ3RY host.id=3a3a2ce84259 container.id=[0m
[2m2026-05-22T15:07:21.244Z[0m  [32mINFO [0m [1motap-df-state::state.observed_event[0m: global shutdown [pipeline_group_id=default, pipeline_id=main, core_id=6, event_type=ShutdownRequested][35m[0m
[2m2026-05-22T15:07:21.244Z[0m  [32mINFO [0m [1motap-df-core-nodes::traffic_generator.drain_ingress[0m[35m entity/node.attrs: node.id=receiver node.urn=urn:otel:receiver:traffic_generator node.type=receiver pipeline.id=main pipeline.group.id=default deployment.generation=0 core.id=6 numa.node.id=0 process.instance.id=AGPFAN7CMR7OFJ76PDL5VJQ3RY host.id=3a3a2ce84259 container.id=[0m
[2m2026-05-22T15:07:21.245Z[0m  [32mINFO [0m [1motap-df-core-nodes::traffic_generator.drain_ingress[0m[35m entity/node.attrs: node.id=receiver node.urn=urn:otel:receiver:traffic_generator node.type=receiver pipeline.id=main pipeline.group.id=default deployment.generation=0 core.id=5 numa.node.id=0 process.instance.id=AGPFAN7CMR7OFJ76PDL5VJQ3RY host.id=3a3a2ce84259 container.id=[0m
[2m2026-05-22T15:07:21.245Z[0m  [32mINFO [0m [1motap-df-core-nodes::otap_exporter.shutdown[0m: OTAP Exporter shutting down[35m entity/node.attrs: node.id=exporter node.urn=urn:otel:exporter:otap node.type=exporter pipeline.id=main pipeline.group.id=default deployment.generation=0 core.id=8 numa.node.id=0 process.instance.id=AGPFAN7CMR7OFJ76PDL5VJQ3RY host.id=3a3a2ce84259 container.id=[0m
[2m2026-05-22T15:07:21.245Z[0m  [32mINFO [0m [1motap-df-core-nodes::otap_exporter.shutdown[0m: OTAP Exporter shutting down[35m entity/node.attrs: node.id=exporter node.urn=urn:otel:exporter:otap node.type=exporter pipeline.id=main pipeline.group.id=default deployment.generation=0 core.id=2 numa.node.id=0 process.instance.id=AGPFAN7CMR7OFJ76PDL5VJQ3RY host.id=3a3a2ce84259 container.id=[0m
[2m2026-05-22T15:07:21.245Z[0m  [32mINFO [0m [1motap-df-core-nodes::otap_exporter.shutdown[0m: OTAP Exporter shutting down[35m entity/node.attrs: node.id=exporter node.urn=urn:otel:exporter:otap node.type=exporter pipeline.id=main pipeline.group.id=default deployment.generation=0 core.id=3 numa.node.id=0 process.instance.id=AGPFAN7CMR7OFJ76PDL5VJQ3RY host.id=3a3a2ce84259 container.id=[0m
[2m2026-05-22T15:07:21.245Z[0m  [32mINFO [0m [1motap-df-core-nodes::otap_exporter.shutdown[0m: OTAP Exporter shutting down[35m entity/node.attrs: node.id=exporter node.urn=urn:otel:exporter:otap node.type=exporter pipeline.id=main pipeline.group.id=default deployment.generation=0 core.id=11 numa.node.id=0 process.instance.id=AGPFAN7CMR7OFJ76PDL5VJQ3RY host.id=3a3a2ce84259 container.id=[0m
[2m2026-05-22T15:07:21.245Z[0m  [32mINFO [0m [1motap-df-core-nodes::otap_exporter.shutdown[0m: OTAP Exporter shutting down[35m entity/node.attrs: node.id=exporter node.urn=urn:otel:exporter:otap node.type=exporter pipeline.id=main pipeline.group.id=default deployment.generation=0 core.id=4 numa.node.id=0 process.instance.id=AGPFAN7CMR7OFJ76PDL5VJQ3RY host.id=3a3a2ce84259 container.id=[0m
[2m2026-05-22T15:07:21.245Z[0m  [32mINFO [0m [1motap-df-core-nodes::otap_exporter.shutdown[0m: OTAP Exporter shutting down[35m entity/node.attrs: node.id=exporter node.urn=urn:otel:exporter:otap node.type=exporter pipeline.id=main pipeline.group.id=default deployment.generation=0 core.id=10 numa.node.id=0 process.instance.id=AGPFAN7CMR7OFJ76PDL5VJQ3RY host.id=3a3a2ce84259 container.id=[0m
[2m2026-05-22T15:07:21.246Z[0m  [32mINFO [0m [1motap-df-core-nodes::otap_exporter.shutdown[0m: OTAP Exporter shutting down[35m entity/node.attrs: node.id=exporter node.urn=urn:otel:exporter:otap node.type=exporter pipeline.id=main pipeline.group.id=default deployment.generation=0 core.id=7 numa.node.id=0 process.instance.id=AGPFAN7CMR7OFJ76PDL5VJQ3RY host.id=3a3a2ce84259 container.id=[0m
[2m2026-05-22T15:07:21.246Z[0m  [32mINFO [0m [1motap-df-core-nodes::otap_exporter.shutdown[0m: OTAP Exporter shutting down[35m entity/node.attrs: node.id=exporter node.urn=urn:otel:exporter:otap node.type=exporter pipeline.id=main pipeline.group.id=default deployment.generation=0 core.id=6 numa.node.id=0 process.instance.id=AGPFAN7CMR7OFJ76PDL5VJQ3RY host.id=3a3a2ce84259 container.id=[0m
[2m2026-05-22T15:07:21.247Z[0m  [32mINFO [0m [1motap-df-core-nodes::otap_exporter.shutdown[0m: OTAP Exporter shutting down[35m entity/node.attrs: node.id=exporter node.urn=urn:otel:exporter:otap node.type=exporter pipeline.id=main pipeline.group.id=default deployment.generation=0 core.id=9 numa.node.id=0 process.instance.id=AGPFAN7CMR7OFJ76PDL5VJQ3RY host.id=3a3a2ce84259 container.id=[0m
[2m2026-05-22T15:07:21.247Z[0m  [32mINFO [0m [1motap-df-core-nodes::otap_exporter.shutdown[0m: OTAP Exporter shutting down[35m entity/node.attrs: node.id=exporter node.urn=urn:otel:exporter:otap node.type=exporter pipeline.id=main pipeline.group.id=default deployment.generation=0 core.id=5 numa.node.id=0 process.instance.id=AGPFAN7CMR7OFJ76PDL5VJQ3RY host.id=3a3a2ce84259 container.id=[0m
[2m2026-05-22T15:07:21.345Z[0m  [32mINFO [0m [1motap-df-admin::shutdown.completed[0m: [elapsed_ms=101][35m[0m
[2m2026-05-22T15:07:21.347Z[0m  [32mINFO [0m [1motap-df-admin::shutdown.requested[0m: [wait=true, timeout_secs=5][35m[0m
[2m2026-05-22T15:07:21.347Z[0m  [32mINFO [0m [1motap-df-admin::shutdown.blocking_wait[0m: [timeout_secs=5][35m[0m
[2m2026-05-22T15:07:21.347Z[0m  [32mINFO [0m [1motap-df-admin::shutdown.completed[0m: [elapsed_ms=0][35m[0m

================================================================================
Component: df-engine
Container ID: 23a2fec0c6d80bd770cff9fa716c855f7ee5f4de9d972895545806635961309f
================================================================================
System Information:
  Available CPU cores: 32
  Available memory: 112.91 GB / 117.92 GB
  Build mode: release
  Memory allocator: jemalloc

Available Component URNs:
  Receivers: urn:otel:receiver:host_metrics, urn:otel:receiver:internal_telemetry, urn:otel:receiver:otap, urn:otel:receiver:otlp, urn:otel:receiver:syslog_cef, urn:otel:receiver:topic, urn:otel:receiver:traffic_generator
  Processors: urn:otel:processor:attribute, urn:otel:processor:batch, urn:otel:processor:content_router, urn:otel:processor:debug, urn:otel:processor:delay, urn:otel:processor:durable_buffer, urn:otel:processor:fanout, urn:otel:processor:filter, urn:otel:processor:log_sampling, urn:otel:processor:retry, urn:otel:processor:temporal_reaggregation, urn:otel:processor:transform, urn:otel:processor:type_router
  Exporters: urn:otel:exporter:console, urn:otel:exporter:error, urn:otel:exporter:noop, urn:otel:exporter:otap, urn:otel:exporter:otlp_grpc, urn:otel:exporter:otlp_http, urn:otel:exporter:parquet, urn:otel:exporter:perf, urn:otel:exporter:topic

Example configuration files can be found in the configs/ directory.
[2m2026-05-22T15:04:58.969Z[0m  [32mINFO [0m [1motap-df-controller::pipeline.core_allocation[0m: [pipeline_group_id=default, pipeline_id=main, num_cores=1, core_allocation=0]
[2m2026-05-22T15:04:58.972Z[0m  [32mINFO [0m [1motap-df-admin::endpoint.start[0m: Admin HTTP server listening [bind_address=0.0.0.0:8080][35m[0m
[2m2026-05-22T15:04:58.972Z[0m  [32mINFO [0m [1motap-df-core-nodes::otap_exporter.start[0m: Starting OTAP Exporter [grpc_endpoint=http://backend-service:1235][35m entity/node.attrs: node.id=exporter node.urn=urn:otel:exporter:otap node.type=exporter pipeline.id=main pipeline.group.id=default deployment.generation=0 core.id=0 numa.node.id=0 process.instance.id=AGPFAN65LF3MHMIORKFN7ENNVI host.id=23a2fec0c6d8 container.id=[0m
[2m2026-05-22T15:04:58.972Z[0m  [32mINFO [0m [1motap-df-core-nodes::otap_receiver.start[0m: [listening_addr=0.0.0.0:4317][35m entity/node.attrs: node.id=receiver node.urn=urn:otel:receiver:otap node.type=receiver pipeline.id=main pipeline.group.id=default deployment.generation=0 core.id=0 numa.node.id=0 process.instance.id=AGPFAN65LF3MHMIORKFN7ENNVI host.id=23a2fec0c6d8 container.id=[0m
[2m2026-05-22T15:07:21.248Z[0m  [31mERROR[0m [1motap-df-otap::otap.response.send_failed[0m: Error sending BatchStatus response [error=SendError { .. }][35m entity/pipeline.attrs: pipeline.id=main pipeline.group.id=default deployment.generation=0 core.id=0 numa.node.id=0 process.instance.id=AGPFAN65LF3MHMIORKFN7ENNVI host.id=23a2fec0c6d8 container.id=[0m
[2m2026-05-22T15:07:21.248Z[0m  [31mERROR[0m [1motap-df-otap::otap.response.send_failed[0m: Error sending BatchStatus response [error=SendError { .. }][35m entity/pipeline.attrs: pipeline.id=main pipeline.group.id=default deployment.generation=0 core.id=0 numa.node.id=0 process.instance.id=AGPFAN65LF3MHMIORKFN7ENNVI host.id=23a2fec0c6d8 container.id=[0m
[2m2026-05-22T15:07:21.251Z[0m  [31mERROR[0m [1motap-df-otap::otap.response.send_failed[0m: Error sending BatchStatus response [error=SendError { .. }][35m entity/pipeline.attrs: pipeline.id=main pipeline.group.id=default deployment.generation=0 core.id=0 numa.node.id=0 process.instance.id=AGPFAN65LF3MHMIORKFN7ENNVI host.id=23a2fec0c6d8 container.id=[0m
[2m2026-05-22T15:07:21.251Z[0m  [31mERROR[0m [1motap-df-otap::otap.response.send_failed[0m: Error sending BatchStatus response [error=SendError { .. }][35m entity/pipeline.attrs: pipeline.id=main pipeline.group.id=default deployment.generation=0 core.id=0 numa.node.id=0 process.instance.id=AGPFAN65LF3MHMIORKFN7ENNVI host.id=23a2fec0c6d8 container.id=[0m
[2m2026-05-22T15:07:21.251Z[0m  [31mERROR[0m [1motap-df-otap::otap.response.send_failed[0m: Error sending BatchStatus response [error=SendError { .. }][35m entity/pipeline.attrs: pipeline.id=main pipeline.group.id=default deployment.generation=0 core.id=0 numa.node.id=0 process.instance.id=AGPFAN65LF3MHMIORKFN7ENNVI host.id=23a2fec0c6d8 container.id=[0m
[2m2026-05-22T15:07:21.254Z[0m  [31mERROR[0m [1motap-df-otap::otap.response.send_failed[0m: Error sending BatchStatus response [error=SendError { .. }][35m entity/pipeline.attrs: pipeline.id=main pipeline.group.id=default deployment.generation=0 core.id=0 numa.node.id=0 process.instance.id=AGPFAN65LF3MHMIORKFN7ENNVI host.id=23a2fec0c6d8 container.id=[0m
[2m2026-05-22T15:07:21.254Z[0m  [31mERROR[0m [1motap-df-otap::otap.response.send_failed[0m: Error sending BatchStatus response [error=SendError { .. }][35m entity/pipeline.attrs: pipeline.id=main pipeline.group.id=default deployment.generation=0 core.id=0 numa.node.id=0 process.instance.id=AGPFAN65LF3MHMIORKFN7ENNVI host.id=23a2fec0c6d8 container.id=[0m
[2m2026-05-22T15:07:21.254Z[0m  [31mERROR[0m [1motap-df-otap::otap.response.send_failed[0m: Error sending BatchStatus response [error=SendError { .. }][35m entity/pipeline.attrs: pipeline.id=main pipeline.group.id=default deployment.generation=0 core.id=0 numa.node.id=0 process.instance.id=AGPFAN65LF3MHMIORKFN7ENNVI host.id=23a2fec0c6d8 container.id=[0m
[2m2026-05-22T15:07:21.255Z[0m  [31mERROR[0m [1motap-df-otap::otap.response.send_failed[0m: Error sending BatchStatus response [error=SendError { .. }][35m entity/pipeline.attrs: pipeline.id=main pipeline.group.id=default deployment.generation=0 core.id=0 numa.node.id=0 process.instance.id=AGPFAN65LF3MHMIORKFN7ENNVI host.id=23a2fec0c6d8 container.id=[0m
[2m2026-05-22T15:07:21.258Z[0m  [31mERROR[0m [1motap-df-otap::otap.response.send_failed[0m: Error sending BatchStatus response [error=SendError { .. }][35m entity/pipeline.attrs: pipeline.id=main pipeline.group.id=default deployment.generation=0 core.id=0 numa.node.id=0 process.instance.id=AGPFAN65LF3MHMIORKFN7ENNVI host.id=23a2fec0c6d8 container.id=[0m
[2m2026-05-22T15:07:21.348Z[0m  [32mINFO [0m [1motap-df-admin::shutdown.requested[0m: [wait=true, timeout_secs=5][35m[0m
[2m2026-05-22T15:07:21.348Z[0m  [32mINFO [0m [1motap-df-admin::shutdown.blocking_wait[0m: [timeout_secs=5][35m[0m
[2m2026-05-22T15:07:21.349Z[0m  [32mINFO [0m [1motap-df-state::state.observed_event[0m: global shutdown [pipeline_group_id=default, pipeline_id=main, core_id=0, event_type=ShutdownRequested][35m[0m
[2m2026-05-22T15:07:21.349Z[0m  [32mINFO [0m [1motap-df-core-nodes::otap_receiver.drain_ingress[0m[35m entity/node.attrs: node.id=receiver node.urn=urn:otel:receiver:otap node.type=receiver pipeline.id=main pipeline.group.id=default deployment.generation=0 core.id=0 numa.node.id=0 process.instance.id=AGPFAN65LF3MHMIORKFN7ENNVI host.id=23a2fec0c6d8 container.id=[0m
[2m2026-05-22T15:07:21.895Z[0m  [32mINFO [0m [1motap-df-core-nodes::otap_exporter.shutdown[0m: OTAP Exporter shutting down[35m entity/node.attrs: node.id=exporter node.urn=urn:otel:exporter:otap node.type=exporter pipeline.id=main pipeline.group.id=default deployment.generation=0 core.id=0 numa.node.id=0 process.instance.id=AGPFAN65LF3MHMIORKFN7ENNVI host.id=23a2fec0c6d8 container.id=[0m
[2m2026-05-22T15:07:21.955Z[0m  [32mINFO [0m [1motap-df-admin::shutdown.completed[0m: [elapsed_ms=606][35m[0m

================================================================================
Component: backend-service
Container ID: f40e18d588bca982974e23157407317a138fbd92c88c8054f1f58c75bdfd0988
================================================================================
System Information:
  Available CPU cores: 32
  Available memory: 112.97 GB / 117.92 GB
  Build mode: release
  Memory allocator: jemalloc

Available Component URNs:
  Receivers: urn:otel:receiver:host_metrics, urn:otel:receiver:internal_telemetry, urn:otel:receiver:otap, urn:otel:receiver:otlp, urn:otel:receiver:syslog_cef, urn:otel:receiver:topic, urn:otel:receiver:traffic_generator
  Processors: urn:otel:processor:attribute, urn:otel:processor:batch, urn:otel:processor:content_router, urn:otel:processor:debug, urn:otel:processor:delay, urn:otel:processor:durable_buffer, urn:otel:processor:fanout, urn:otel:processor:filter, urn:otel:processor:log_sampling, urn:otel:processor:retry, urn:otel:processor:temporal_reaggregation, urn:otel:processor:transform, urn:otel:processor:type_router
  Exporters: urn:otel:exporter:console, urn:otel:exporter:error, urn:otel:exporter:noop, urn:otel:exporter:otap, urn:otel:exporter:otlp_grpc, urn:otel:exporter:otlp_http, urn:otel:exporter:parquet, urn:otel:exporter:perf, urn:otel:exporter:topic

Example configuration files can be found in the configs/ directory.
[2m2026-05-22T15:04:57.654Z[0m  [32mINFO [0m [1motap-df-controller::pipeline.core_allocation[0m: [pipeline_group_id=default, pipeline_id=main, num_cores=1, core_allocation=1]
[2m2026-05-22T15:04:57.657Z[0m  [32mINFO [0m [1motap-df-core-nodes::perf_exporter.start[0m: Starting Perf Exporter [frequency_ms=500][35m entity/node.attrs: node.id=perf node.urn=urn:otel:exporter:perf node.type=exporter pipeline.id=main pipeline.group.id=default deployment.generation=0 core.id=1 numa.node.id=0 process.instance.id=AGPFAN6YGZYWDG6BZHGCEH7URY host.id=f40e18d588bc container.id=[0m
[2m2026-05-22T15:04:57.657Z[0m  [32mINFO [0m [1motap-df-core-nodes::otap_receiver.start[0m: [listening_addr=0.0.0.0:1235][35m entity/node.attrs: node.id=receiver node.urn=urn:otel:receiver:otap node.type=receiver pipeline.id=main pipeline.group.id=default deployment.generation=0 core.id=1 numa.node.id=0 process.instance.id=AGPFAN6YGZYWDG6BZHGCEH7URY host.id=f40e18d588bc container.id=[0m
[2m2026-05-22T15:04:57.657Z[0m  [32mINFO [0m [1motap-df-admin::endpoint.start[0m: Admin HTTP server listening [bind_address=0.0.0.0:8080][35m[0m

================================================================================
END OF CONTAINER LOGS
================================================================================

# DF Engine 1000k - DFE OTAP Metrics (many processors)

## Table: metadata_filtered
  
**Description**: Information about the test suite and report.
  
| Attribute        | Value                                                |
|:-----------------|:-----------------------------------------------------|
| test.suite.start | 2026-05-22T15:04:57.341049+00:00                     |
| test.suite       | DFE OTAP Metrics (many processors)                   |
| test.step        | Run Report                                           |
| test.start       | 2026-05-22T15:04:57.341878+00:00                     |
| test.name        | 1000k                                                |
| report.type      | sql_report                                           |
| report.time      | 2026-05-22T15:07:59.634347+00:00                     |
| report.name      | DF Engine 1000k - DFE OTAP Metrics (many processors) |
| code.sha         | 60f251825b8a2022b3c3373761eb6b55f9a30da0             |
| code.dirty       | True                                                 |
| code.branch      | otap-pdata-opt-bench                                 |


## Table: send_receive_rates_by_core
  
**Description**: Core Specific increase and average rate of various send / receive metrics
  
| component_name   | metric_name      |   core_id |   total_increase |   average_rate |
|:-----------------|:-----------------|----------:|-----------------:|---------------:|
| backend-service  | metrics          |         1 |      1.18042e+08 |       994419   |
| load-generator   | metrics_produced |        10 |      1.19e+07    |       100362   |
| load-generator   | metrics_produced |        11 |      1.19e+07    |       100509   |
| load-generator   | metrics_produced |         2 |      1.19e+07    |       100502   |
| load-generator   | metrics_produced |         3 |      1.19e+07    |       100494   |
| load-generator   | metrics_produced |         4 |      1.1897e+07  |       100597   |
| load-generator   | metrics_produced |         5 |      1.18e+07    |        99391.3 |
| load-generator   | metrics_produced |         6 |      1.1798e+07  |        99556   |
| load-generator   | metrics_produced |         7 |      1.19e+07    |       100585   |
| load-generator   | metrics_produced |         8 |      1.19e+07    |       100685   |
| load-generator   | metrics_produced |         9 |      1.19e+07    |       100625   |


## Table: aggregate_send_receive_rates
  
**Description**: Cumulative increase and average rate of various send / receive metrics
  
| component_name   | metric_name      |   total_increase |     average_rate |
|:-----------------|:-----------------|-----------------:|-----------------:|
| load-generator   | metrics_produced |      1.18795e+08 |      1.00331e+06 |
| backend-service  | metrics          |      1.18042e+08 | 994419           |


## Table: component_resource_metrics
  
**Description**: CPU and Memory metrics for the components in the Test Suite during the test.
  
| component_name   | metric_name            |   min_value |   avg_value |   max_value |
|:-----------------|:-----------------------|------------:|------------:|------------:|
| load-generator   | container.memory.usage | 7.36899e+08 | 8.06893e+08 | 8.90995e+08 |
| load-generator   | container.cpu.usage    | 1.88047     | 1.95141     | 1.99938     |
| df-engine        | container.cpu.usage    | 0.330522    | 0.351087    | 0.359412    |
| df-engine        | container.memory.usage | 9.79517e+07 | 1.91997e+08 | 2.09441e+08 |
| backend-service  | container.memory.usage | 4.46095e+07 | 4.47911e+07 | 4.50929e+07 |
| backend-service  | container.cpu.usage    | 0.123208    | 0.126078    | 0.127716    |


## Table: metric_loss
  
**Description**: Lost metrics (failed or sent but not received) total and as a percentage
  
|   metrics_lost |   metrics_lost_pct |
|---------------:|-------------------:|
|         753000 |         0.00633865 |


## Table: metric_throughput_rates
  
**Description**: Metric throughput rates (metrics/sec) calculated from total counts and observation window duration
  
| metric_name      |   total_increase |   metrics_per_second |
|:-----------------|-----------------:|---------------------:|
| metrics_produced |      1.18795e+08 |          1.00259e+06 |
| metrics          |      1.18042e+08 |     992803           |


## Table: gh_actions_benchmark
  
**Description**: The final metrics used with gh_actions_benchmark.
  
| name                          | unit        |            value | extra                                                          |
|:------------------------------|:------------|-----------------:|:---------------------------------------------------------------|
| dropped_metrics_percentage    | %           |      0.633865    | DFE OTAP Metrics (many processors)/1000k - Dropped Metrics %   |
| cpu_percentage_normalized_avg | %           |     35.1087      | DFE OTAP Metrics (many processors)/1000k - CPU % (Normalized)  |
| cpu_percentage_normalized_max | %           |     35.9412      | DFE OTAP Metrics (many processors)/1000k - CPU % (Normalized)  |
| ram_mib_avg                   | MiB         |    183.103       | DFE OTAP Metrics (many processors)/1000k - RAM (MiB)           |
| ram_mib_max                   | MiB         |    199.738       | DFE OTAP Metrics (many processors)/1000k - RAM (MiB)           |
| metrics_produced_rate         | metrics/sec |      1.00259e+06 | DFE OTAP Metrics (many processors)/1000k - Metric Throughput   |
| metrics_received_rate         | metrics/sec | 992803           | DFE OTAP Metrics (many processors)/1000k - Metric Throughput   |
| test_duration                 | seconds     |    120.001       | DFE OTAP Metrics (many processors)/1000k - Test Duration       |
| network_tx_bytes_rate_avg     | bytes/sec   |      8.63328e+07 | DFE OTAP Metrics (many processors)/1000k - Network Utilization |
| network_rx_bytes_rate_avg     | bytes/sec   |      8.67854e+07 | DFE OTAP Metrics (many processors)/1000k - Network Utilization |



  Captured run env: .data/dfe_metrics_otap_none_manyproc/20260522_150456/run_env.json
  Environment:      INTEL(R) XEON(R) PLATINUM 8581C CPU @ 2.30GHz / x86_64 / 16 cores / 118 GiB / Debian GNU/Linux 12

Publishing results...
  Updated /home/jakedern/repos/otel-arrow-otap-opt/tools/comparison_dashboard/.site/data/suite/dfe_metrics_otap_none_manyproc/suite.yaml
  Updated /home/jakedern/repos/otel-arrow-otap-opt/tools/comparison_dashboard/.site/data/suite/dfe_metrics_otap_none_manyproc/run_env.json
  1000k: metrics.json from sql_report-df_engine_1000k_dfe_otap_metrics_many_processors-20260522_150759.json
  1000k: 5 files published
  Published to /home/jakedern/repos/otel-arrow-otap-opt/tools/comparison_dashboard/.site/data/suite/dfe_metrics_otap_none_manyproc
