Resolved 1 suite(s):
  - /home/jakedern/repos/otel-arrow-otap-opt/tools/comparison_dashboard/suites/dfe/dfe-metrics-otap-none-baseline.yaml
Publishing to: /home/jakedern/repos/otel-arrow-otap-opt/tools/comparison_dashboard/.site/data


############################################################
# [1/1] dfe-metrics-otap-none-baseline
############################################################

Suite:    DFE OTAP Baseline (Metrics)
Slug:     dfe_metrics_otap_none_baseline
Binary:   dfe
File:     /home/jakedern/repos/otel-arrow-otap-opt/tools/comparison_dashboard/suites/dfe/dfe-metrics-otap-none-baseline.yaml
Template: ../pipeline_perf_test/test_suites/comparison_dashboard/templates/orchestrator/dfe-single-core-multi-rate.yaml
Staging:  .data/dfe_metrics_otap_none_baseline/20260522_161508

Rendering orchestrator config...
  Generated .data/dfe_metrics_otap_none_baseline/20260522_161508/orchestrator.yaml

============================================================
Running: /home/jakedern/repos/otel-arrow/.venv/bin/python ../pipeline_perf_test/orchestrator/run_orchestrator.py --config .data/dfe_metrics_otap_none_baseline/20260522_161508/orchestrator.yaml --tests 100k
Log:     .data/dfe_metrics_otap_none_baseline/20260522_161508/orchestrator.log
============================================================

[2026-05-22 16:15:09] INFO | ctx.type=- ctx.name=- | Starting Test: 100k
[2026-05-22 16:15:09] INFO | ctx.type=ScenarioContext ctx.name=100k | Running 14 test steps...
[2026-05-22 16:15:09] INFO | ctx.type=FrameworkElementHookContext ctx.name=RenderTemplateHook (pre_run) | Rendered template saved to .data/dfe_metrics_otap_none_baseline/20260522_161508/tests/100k/backend-config.rendered.yaml
[2026-05-22 16:15:09] INFO | ctx.type=StepContext ctx.name=Deploy Backend Engine | Executing main step action...
[2026-05-22 16:15:11] INFO | ctx.type=FrameworkElementHookContext ctx.name=ReadyCheckHttpHook (post_run) | Ready check passed on attempt 2
[2026-05-22 16:15:11] INFO | ctx.type=FrameworkElementHookContext ctx.name=RenderTemplateHook (pre_run) | Rendered template saved to .data/dfe_metrics_otap_none_baseline/20260522_161508/tests/100k/engine-config.rendered.yaml
[2026-05-22 16:15:11] INFO | ctx.type=StepContext ctx.name=Deploy Dataflow Engine | Executing main step action...
[2026-05-22 16:15:22] INFO | ctx.type=FrameworkElementHookContext ctx.name=ReadyCheckHttpHook (post_run) | Ready check passed on attempt 2
[2026-05-22 16:15:22] INFO | ctx.type=FrameworkElementHookContext ctx.name=RenderTemplateHook (pre_run) | Rendered template saved to .data/dfe_metrics_otap_none_baseline/20260522_161508/tests/100k/loadgen-config.rendered.yaml
[2026-05-22 16:15:22] INFO | ctx.type=StepContext ctx.name=Deploy Load Generator | Executing main step action...
[2026-05-22 16:15:23] INFO | ctx.type=FrameworkElementHookContext ctx.name=ReadyCheckHttpHook (post_run) | Ready check passed on attempt 2
[2026-05-22 16:15:23] INFO | ctx.type=StepContext ctx.name=Monitor All | Executing main step action...
[2026-05-22 16:15:24] INFO | ctx.type=StepContext ctx.name=Wait for data | Executing main step action...
[2026-05-22 16:15:33] ERROR | ctx.type=StepContext ctx.name=Monitor All | Error collecting stats for component backend-service: HTTPConnectionPool(host='localhost', port=8087): Max retries exceeded with url: /api/v1/telemetry/metrics?format=prometheus&reset=false (Caused by NewConnectionError("HTTPConnection(host='localhost', port=8087): Failed to establish a new connection: [Errno 111] Connection refused"))
[2026-05-22 16:15:33] ERROR | ctx.type=StepContext ctx.name=Monitor All | Error collecting stats for component load-generator: HTTPConnectionPool(host='localhost', port=8085): Max retries exceeded with url: /api/v1/telemetry/metrics?format=prometheus&reset=false (Caused by NewConnectionError("HTTPConnection(host='localhost', port=8085): Failed to establish a new connection: [Errno 111] Connection refused"))
[2026-05-22 16:15:33] ERROR | ctx.type=StepContext ctx.name=Monitor All | Unexpected error while monitoring backend-service (cf2867c21162): Expecting value: line 1 column 1 (char 0)
[2026-05-22 16:15:33] ERROR | ctx.type=StepContext ctx.name=Monitor All | Unexpected error while monitoring load-generator (d57a62951253): Expecting value: line 1 column 1 (char 0)
[2026-05-22 16:15:34] INFO | ctx.type=StepContext ctx.name=Observe Load | Executing main step action...
[2026-05-22 16:15:34] ERROR | ctx.type=StepContext ctx.name=Monitor All | Error collecting stats for component backend-service: HTTPConnectionPool(host='localhost', port=8087): Max retries exceeded with url: /api/v1/telemetry/metrics?format=prometheus&reset=false (Caused by NewConnectionError("HTTPConnection(host='localhost', port=8087): Failed to establish a new connection: [Errno 111] Connection refused"))
[2026-05-22 16:15:34] ERROR | ctx.type=StepContext ctx.name=Monitor All | Error collecting stats for component load-generator: HTTPConnectionPool(host='localhost', port=8085): Max retries exceeded with url: /api/v1/telemetry/metrics?format=prometheus&reset=false (Caused by NewConnectionError("HTTPConnection(host='localhost', port=8085): Failed to establish a new connection: [Errno 111] Connection refused"))
[2026-05-22 16:15:35] ERROR | ctx.type=StepContext ctx.name=Monitor All | Error collecting stats for component load-generator: HTTPConnectionPool(host='localhost', port=8085): Max retries exceeded with url: /api/v1/telemetry/metrics?format=prometheus&reset=false (Caused by NewConnectionError("HTTPConnection(host='localhost', port=8085): Failed to establish a new connection: [Errno 111] Connection refused"))
[2026-05-22 16:15:36] ERROR | ctx.type=StepContext ctx.name=Monitor All | Error collecting stats for component load-generator: HTTPConnectionPool(host='localhost', port=8085): Max retries exceeded with url: /api/v1/telemetry/metrics?format=prometheus&reset=false (Caused by NewConnectionError("HTTPConnection(host='localhost', port=8085): Failed to establish a new connection: [Errno 111] Connection refused"))
[2026-05-22 16:15:37] ERROR | ctx.type=StepContext ctx.name=Monitor All | Error collecting stats for component load-generator: HTTPConnectionPool(host='localhost', port=8085): Max retries exceeded with url: /api/v1/telemetry/metrics?format=prometheus&reset=false (Caused by NewConnectionError("HTTPConnection(host='localhost', port=8085): Failed to establish a new connection: [Errno 111] Connection refused"))
[2026-05-22 16:15:38] ERROR | ctx.type=StepContext ctx.name=Monitor All | Error collecting stats for component load-generator: HTTPConnectionPool(host='localhost', port=8085): Max retries exceeded with url: /api/v1/telemetry/metrics?format=prometheus&reset=false (Caused by NewConnectionError("HTTPConnection(host='localhost', port=8085): Failed to establish a new connection: [Errno 111] Connection refused"))
[2026-05-22 16:15:39] ERROR | ctx.type=StepContext ctx.name=Monitor All | Error collecting stats for component load-generator: HTTPConnectionPool(host='localhost', port=8085): Max retries exceeded with url: /api/v1/telemetry/metrics?format=prometheus&reset=false (Caused by NewConnectionError("HTTPConnection(host='localhost', port=8085): Failed to establish a new connection: [Errno 111] Connection refused"))
[2026-05-22 16:15:40] ERROR | ctx.type=StepContext ctx.name=Monitor All | Error collecting stats for component load-generator: HTTPConnectionPool(host='localhost', port=8085): Max retries exceeded with url: /api/v1/telemetry/metrics?format=prometheus&reset=false (Caused by NewConnectionError("HTTPConnection(host='localhost', port=8085): Failed to establish a new connection: [Errno 111] Connection refused"))
[2026-05-22 16:15:41] ERROR | ctx.type=StepContext ctx.name=Monitor All | Error collecting stats for component load-generator: HTTPConnectionPool(host='localhost', port=8085): Max retries exceeded with url: /api/v1/telemetry/metrics?format=prometheus&reset=false (Caused by NewConnectionError("HTTPConnection(host='localhost', port=8085): Failed to establish a new connection: [Errno 111] Connection refused"))
[2026-05-22 16:15:42] ERROR | ctx.type=StepContext ctx.name=Monitor All | Error collecting stats for component load-generator: HTTPConnectionPool(host='localhost', port=8085): Max retries exceeded with url: /api/v1/telemetry/metrics?format=prometheus&reset=false (Caused by NewConnectionError("HTTPConnection(host='localhost', port=8085): Failed to establish a new connection: [Errno 111] Connection refused"))
[2026-05-22 16:15:43] ERROR | ctx.type=StepContext ctx.name=Monitor All | Error collecting stats for component load-generator: HTTPConnectionPool(host='localhost', port=8085): Max retries exceeded with url: /api/v1/telemetry/metrics?format=prometheus&reset=false (Caused by NewConnectionError("HTTPConnection(host='localhost', port=8085): Failed to establish a new connection: [Errno 111] Connection refused"))
[2026-05-22 16:15:44] ERROR | ctx.type=StepContext ctx.name=Monitor All | Error collecting stats for component load-generator: HTTPConnectionPool(host='localhost', port=8085): Max retries exceeded with url: /api/v1/telemetry/metrics?format=prometheus&reset=false (Caused by NewConnectionError("HTTPConnection(host='localhost', port=8085): Failed to establish a new connection: [Errno 111] Connection refused"))
[2026-05-22 16:15:45] ERROR | ctx.type=StepContext ctx.name=Monitor All | Error collecting stats for component load-generator: HTTPConnectionPool(host='localhost', port=8085): Max retries exceeded with url: /api/v1/telemetry/metrics?format=prometheus&reset=false (Caused by NewConnectionError("HTTPConnection(host='localhost', port=8085): Failed to establish a new connection: [Errno 111] Connection refused"))
[2026-05-22 16:15:45] ERROR | ctx.type=StepContext ctx.name=Monitor All | Unexpected error while monitoring df-engine (70a1074e73e3): Expecting value: line 1 column 1 (char 0)
[2026-05-22 16:15:46] ERROR | ctx.type=StepContext ctx.name=Monitor All | Error collecting stats for component load-generator: HTTPConnectionPool(host='localhost', port=8085): Max retries exceeded with url: /api/v1/telemetry/metrics?format=prometheus&reset=false (Caused by NewConnectionError("HTTPConnection(host='localhost', port=8085): Failed to establish a new connection: [Errno 111] Connection refused"))
[2026-05-22 16:15:47] ERROR | ctx.type=StepContext ctx.name=Monitor All | Error collecting stats for component load-generator: HTTPConnectionPool(host='localhost', port=8085): Max retries exceeded with url: /api/v1/telemetry/metrics?format=prometheus&reset=false (Caused by NewConnectionError("HTTPConnection(host='localhost', port=8085): Failed to establish a new connection: [Errno 111] Connection refused"))
[2026-05-22 16:15:54] INFO | ctx.type=StepContext ctx.name=Wait Before Drain | Executing main step action...
[2026-05-22 16:16:04] INFO | ctx.type=StepContext ctx.name=Stop Load Generator | Executing main step action...
[2026-05-22 16:16:04] INFO | ctx.type=StepContext ctx.name=Stop Engine | Executing main step action...
[2026-05-22 16:16:04] INFO | ctx.type=StepContext ctx.name=Stop Backend | Executing main step action...
[2026-05-22 16:16:04] INFO | ctx.type=StepContext ctx.name=Wait For Metrics Update | Executing main step action...
[2026-05-22 16:16:05] INFO | ctx.type=StepContext ctx.name=Stop Monitoring All | Executing main step action...
[2026-05-22 16:16:06] INFO | ctx.type=StepContext ctx.name=Destroy All | Executing main step action...
[2026-05-22 16:16:06] ERROR | ctx.type=StepContext ctx.name=Destroy All | Error getting Docker container logs: 404 Client Error for http+docker://localhost/v1.54/containers/d57a62951253cf1287457a472782ca5a4b1c3faddc1536d5f601241b882b79a7/json: Not Found ("No such container: d57a62951253cf1287457a472782ca5a4b1c3faddc1536d5f601241b882b79a7")
[2026-05-22 16:16:06] ERROR | ctx.type=ScenarioContext ctx.name=100k | Error: Test Step: Destroy All failed: 404 Client Error for http+docker://localhost/v1.54/containers/d57a62951253cf1287457a472782ca5a4b1c3faddc1536d5f601241b882b79a7/json: Not Found ("No such container: d57a62951253cf1287457a472782ca5a4b1c3faddc1536d5f601241b882b79a7")
[2026-05-22 16:16:06] INFO | ctx.type=ScenarioContext ctx.name=100k | Continuing remaining steps for diagnostics...
[2026-05-22 16:16:06] INFO | ctx.type=StepContext ctx.name=Run Report | Executing main step action...
[2026-05-22 16:16:08] ERROR | ctx.type=- ctx.name=- | Test 100k failed 404 Client Error for http+docker://localhost/v1.54/containers/d57a62951253cf1287457a472782ca5a4b1c3faddc1536d5f601241b882b79a7/json: Not Found ("No such container: d57a62951253cf1287457a472782ca5a4b1c3faddc1536d5f601241b882b79a7")

================================================================================
DOCKER CONTAINER LOGS
================================================================================

No container logs found.

================================================================================
END OF CONTAINER LOGS
================================================================================

# DF Engine 100k - DFE OTAP Baseline (Metrics)

## Table: metadata_filtered
  
**Description**: Information about the test suite and report.
  
| Attribute        | Value                                        |
|:-----------------|:---------------------------------------------|
| test.suite.start | 2026-05-22T16:15:09.728605+00:00             |
| test.suite       | DFE OTAP Baseline (Metrics)                  |
| test.step        | Run Report                                   |
| test.start       | 2026-05-22T16:15:09.729501+00:00             |
| test.name        | 100k                                         |
| report.type      | sql_report                                   |
| report.time      | 2026-05-22T16:16:06.759594+00:00             |
| report.name      | DF Engine 100k - DFE OTAP Baseline (Metrics) |
| code.sha         | 60f251825b8a2022b3c3373761eb6b55f9a30da0     |
| code.dirty       | True                                         |
| code.branch      | otap-pdata-opt-bench                         |


## Table: send_receive_rates_by_core
  
**Description**: Core Specific increase and average rate of various send / receive metrics
  
| component_name   | metric_name      |   core_id |   total_increase |   average_rate |
|:-----------------|:-----------------|----------:|-----------------:|---------------:|
| backend-service  | metrics          |         1 |                0 |        -9702.7 |
| load-generator   | metrics_produced |         2 |                0 |       -11041.5 |
| load-generator   | metrics_produced |         3 |                0 |            0   |
| load-generator   | metrics_produced |         4 |                0 |            0   |
| load-generator   | metrics_produced |         5 |                0 |            0   |


## Table: aggregate_send_receive_rates
  
**Description**: Cumulative increase and average rate of various send / receive metrics
  
| component_name   | metric_name      |   total_increase |   average_rate |
|:-----------------|:-----------------|-----------------:|---------------:|
| backend-service  | metrics          |                0 |        -9702.7 |
| load-generator   | metrics_produced |                0 |       -11041.5 |


## Table: component_resource_metrics
  
**Description**: CPU and Memory metrics for the components in the Test Suite during the test.
  
| component_name   | metric_name            |   min_value |   avg_value |   max_value |
|:-----------------|:-----------------------|------------:|------------:|------------:|
| df-engine        | container.cpu.usage    | 0.000584539 | 0.000777198 | 0.00145609  |
| df-engine        | container.memory.usage | 5.32562e+07 | 5.3263e+07  | 5.32644e+07 |


## Table: metric_loss
  
**Description**: Lost metrics (failed or sent but not received) total and as a percentage
  
|   metrics_lost |   metrics_lost_pct |
|---------------:|-------------------:|
|              0 |                nan |


## Table: metric_throughput_rates
  
**Description**: Metric throughput rates (metrics/sec) calculated from total counts and observation window duration
  
| metric_name      |   total_increase |   metrics_per_second |
|:-----------------|-----------------:|---------------------:|
| metrics          |                0 |                    0 |
| metrics_produced |                0 |                    0 |


## Table: gh_actions_benchmark
  
**Description**: The final metrics used with gh_actions_benchmark.
  
| name                          | unit        |          value | extra                                                  |
|:------------------------------|:------------|---------------:|:-------------------------------------------------------|
| dropped_metrics_percentage    | %           |    nan         | DFE OTAP Baseline (Metrics)/100k - Dropped Metrics %   |
| cpu_percentage_normalized_avg | %           |      0.0777198 | DFE OTAP Baseline (Metrics)/100k - CPU % (Normalized)  |
| cpu_percentage_normalized_max | %           |      0.145609  | DFE OTAP Baseline (Metrics)/100k - CPU % (Normalized)  |
| ram_mib_avg                   | MiB         |     50.7956    | DFE OTAP Baseline (Metrics)/100k - RAM (MiB)           |
| ram_mib_max                   | MiB         |     50.7969    | DFE OTAP Baseline (Metrics)/100k - RAM (MiB)           |
| metrics_produced_rate         | metrics/sec |      0         | DFE OTAP Baseline (Metrics)/100k - Metric Throughput   |
| metrics_received_rate         | metrics/sec |      0         | DFE OTAP Baseline (Metrics)/100k - Metric Throughput   |
| test_duration                 | seconds     |     20.0007    | DFE OTAP Baseline (Metrics)/100k - Test Duration       |
| network_tx_bytes_rate_avg     | bytes/sec   | 527521         | DFE OTAP Baseline (Metrics)/100k - Network Utilization |
| network_rx_bytes_rate_avg     | bytes/sec   | 465205         | DFE OTAP Baseline (Metrics)/100k - Network Utilization |



Traceback (most recent call last):
  File "/home/jakedern/repos/otel-arrow/.venv/lib/python3.11/site-packages/docker/api/client.py", line 275, in _raise_for_status
    response.raise_for_status()
  File "/home/jakedern/repos/otel-arrow/.venv/lib/python3.11/site-packages/requests/models.py", line 1028, in raise_for_status
    raise HTTPError(http_error_msg, response=self)
requests.exceptions.HTTPError: 404 Client Error: Not Found for url: http+docker://localhost/v1.54/containers/d57a62951253cf1287457a472782ca5a4b1c3faddc1536d5f601241b882b79a7/json

The above exception was the direct cause of the following exception:

Traceback (most recent call last):
  File "/home/jakedern/repos/otel-arrow-otap-opt/tools/comparison_dashboard/../pipeline_perf_test/orchestrator/run_orchestrator.py", line 22, in <module>
    main()
  File "/home/jakedern/repos/otel-arrow-otap-opt/tools/pipeline_perf_test/orchestrator/lib/cli/main.py", line 52, in main
    ts.run()
  File "/home/jakedern/repos/otel-arrow-otap-opt/tools/pipeline_perf_test/orchestrator/lib/core/framework/suite.py", line 98, in run
    test_definition.run(test_execution_context)
  File "/home/jakedern/repos/otel-arrow-otap-opt/tools/pipeline_perf_test/orchestrator/lib/core/framework/scenario.py", line 96, in run
    raise first_error
  File "/home/jakedern/repos/otel-arrow-otap-opt/tools/pipeline_perf_test/orchestrator/lib/core/framework/scenario.py", line 73, in run
    step.run(step_ctx)
  File "/home/jakedern/repos/otel-arrow-otap-opt/tools/pipeline_perf_test/orchestrator/lib/core/framework/step.py", line 116, in run
    self.action.execute(ctx)
  File "/home/jakedern/repos/otel-arrow-otap-opt/tools/pipeline_perf_test/orchestrator/lib/impl/actions/multi_component_action.py", line 147, in execute
    method(ctx)
  File "/home/jakedern/repos/otel-arrow-otap-opt/tools/pipeline_perf_test/orchestrator/lib/core/component/component.py", line 296, in destroy
    return self._with_span(
           ^^^^^^^^^^^^^^^^
  File "/home/jakedern/repos/otel-arrow-otap-opt/tools/pipeline_perf_test/orchestrator/lib/core/component/component.py", line 195, in _with_span
    res = callable_fn(*args, **kwargs)
          ^^^^^^^^^^^^^^^^^^^^^^^^^^^^
  File "/home/jakedern/repos/otel-arrow-otap-opt/tools/pipeline_perf_test/orchestrator/lib/impl/component/managed_component.py", line 294, in _destroy
    self._with_span(
  File "/home/jakedern/repos/otel-arrow-otap-opt/tools/pipeline_perf_test/orchestrator/lib/core/component/component.py", line 195, in _with_span
    res = callable_fn(*args, **kwargs)
          ^^^^^^^^^^^^^^^^^^^^^^^^^^^^
  File "/home/jakedern/repos/otel-arrow-otap-opt/tools/pipeline_perf_test/orchestrator/lib/impl/component/managed_component.py", line 295, in <lambda>
    ctx, "deployment.stop", lambda: self.deployment.stop(self, ctx)
                                    ^^^^^^^^^^^^^^^^^^^^^^^^^^^^^^^
  File "/home/jakedern/repos/otel-arrow-otap-opt/tools/pipeline_perf_test/orchestrator/lib/impl/strategies/deployment/docker.py", line 272, in stop
    get_container_logs(ctx, client, runtime, component)
  File "/home/jakedern/repos/otel-arrow-otap-opt/tools/pipeline_perf_test/orchestrator/lib/impl/strategies/common/docker.py", line 156, in get_container_logs
    container = client.containers.get(runtime.container_id)
                ^^^^^^^^^^^^^^^^^^^^^^^^^^^^^^^^^^^^^^^^^^^
  File "/home/jakedern/repos/otel-arrow/.venv/lib/python3.11/site-packages/docker/models/containers.py", line 954, in get
    resp = self.client.api.inspect_container(container_id)
           ^^^^^^^^^^^^^^^^^^^^^^^^^^^^^^^^^^^^^^^^^^^^^^^
  File "/home/jakedern/repos/otel-arrow/.venv/lib/python3.11/site-packages/docker/utils/decorators.py", line 19, in wrapped
    return f(self, resource_id, *args, **kwargs)
           ^^^^^^^^^^^^^^^^^^^^^^^^^^^^^^^^^^^^^
  File "/home/jakedern/repos/otel-arrow/.venv/lib/python3.11/site-packages/docker/api/container.py", line 793, in inspect_container
    return self._result(
           ^^^^^^^^^^^^^
  File "/home/jakedern/repos/otel-arrow/.venv/lib/python3.11/site-packages/docker/api/client.py", line 281, in _result
    self._raise_for_status(response)
  File "/home/jakedern/repos/otel-arrow/.venv/lib/python3.11/site-packages/docker/api/client.py", line 277, in _raise_for_status
    raise create_api_error_from_http_exception(e) from e
          ^^^^^^^^^^^^^^^^^^^^^^^^^^^^^^^^^^^^^^^
  File "/home/jakedern/repos/otel-arrow/.venv/lib/python3.11/site-packages/docker/errors.py", line 39, in create_api_error_from_http_exception
    raise cls(e, response=response, explanation=explanation) from e
docker.errors.NotFound: 404 Client Error for http+docker://localhost/v1.54/containers/d57a62951253cf1287457a472782ca5a4b1c3faddc1536d5f601241b882b79a7/json: Not Found ("No such container: d57a62951253cf1287457a472782ca5a4b1c3faddc1536d5f601241b882b79a7")

Error: orchestrator exited with code 1
Full log: .data/dfe_metrics_otap_none_baseline/20260522_161508/orchestrator.log
